0.00436902046204
0.00278687477112
0.00236701965332
0.00402593612671
0.00338101387024
0.00230503082275
0.00413990020752
0.00260806083679
0.00226402282715
0.00315380096436
0.00254106521606
0.00283908843994
0.00580811500549
0.00281000137329
0.00253510475159
0.00535202026367
0.00254797935486
0.00231909751892
0.0178370475769
0.00300979614258
0.00252413749695
0.00426292419434
0.00289106369019
0.00242900848389
0.00358986854553
0.00265383720398
0.00294899940491
0.00462293624878
0.00293803215027
0.00240111351013
0.00496292114258
0.00264596939087
0.00231790542603
0.00463199615479
0.00264286994934
0.0025520324707
0.00489902496338
0.00286793708801
0.00305390357971
0.00299787521362
0.00300908088684
0.00297212600708
0.00440812110901
0.00283813476562
0.0027060508728
0.00482487678528
0.0024950504303
0.00237107276917
0.0182361602783
0.00316405296326
0.00231909751892
0.00446105003357
0.00274896621704
0.00239706039429
0.00460004806519
0.00304484367371
0.00233197212219
0.00662899017334
0.00259208679199
0.00229787826538
0.00526690483093
0.00240898132324
0.0023500919342
0.00527811050415
0.0338649749756
0.00327491760254
0.00282001495361
0.00268602371216
0.00249910354614
0.0029821395874
0.00265097618103
0.00236082077026
0.00274586677551
0.00359296798706
0.00241303443909
0.00336503982544
0.00257921218872
0.00240397453308
0.00437808036804
0.00267696380615
0.00254797935486
0.00516486167908
0.00261187553406
0.00246286392212
0.00564002990723
0.00251293182373
0.00246405601501
0.00442385673523
0.00241088867188
0.00246500968933
0.0048770904541
0.00254416465759
0.00234794616699
0.0263569355011
0.00254082679749
0.00246095657349
0.00377583503723
0.00276684761047
0.00242209434509
0.00237894058228
0.00322389602661
0.00238680839539
0.00331497192383
0.00260996818542
0.00232696533203
0.00491690635681
0.00261807441711
0.00314807891846
0.00348019599915
0.00258803367615
0.00233316421509
0.00388813018799
0.00260400772095
0.00236082077026
0.00662398338318
0.00260496139526
0.00337910652161
0.00376510620117
0.00367498397827
0.00251483917236
0.00425004959106
0.00259399414062
0.00224709510803
0.00499510765076
0.00256705284119
0.00235509872437
0.00482988357544
0.00257897377014
0.00230312347412
0.00400996208191
0.0202660560608
0.0022120475769
0.00639319419861
0.00285887718201
0.00223898887634
0.00554013252258
0.00279092788696
0.00232315063477
0.00566291809082
0.00297713279724
0.00229907035828
0.00815105438232
0.00387978553772
0.00244212150574
0.00264501571655
0.00277185440063
0.00250005722046
0.00397205352783
0.00273585319519
0.00240707397461
0.00466394424438
0.00258302688599
0.00231313705444
0.00504899024963
0.00264191627502
0.00231218338013
0.0051109790802
0.00254201889038
0.00225710868835
0.00512909889221
0.0023729801178
0.00213503837585
0.00604915618896
0.00291800498962
0.00221991539001
0.00674200057983
0.00245404243469
0.00217604637146
0.00582909584045
0.00241708755493
0.00217294692993
0.00444912910461
0.00260877609253
0.00223398208618
0.00496888160706
0.0025429725647
0.00219202041626
0.0429589748383
0.00289511680603
0.00295615196228
0.0038001537323
0.00291800498962
0.00248503684998
0.00251793861389
0.0028760433197
0.00233888626099
0.00368499755859
0.00272512435913
0.0023148059845
0.0321140289307
0.00292897224426
0.0022988319397
0.00451993942261
0.0028989315033
0.00330305099487
0.00427389144897
0.0042130947113
0.00252294540405
0.00434994697571
0.00295686721802
0.0023889541626
0.00463199615479
0.00288701057434
0.00256395339966
0.00454688072205
0.00280213356018
0.00231194496155
0.00525999069214
0.00289607048035
0.00221514701843
0.0160191059113
0.0483319759369
0.00260281562805
0.0163660049438
0.00283908843994
0.00259399414062
0.00456094741821
0.00270104408264
0.002357006073
0.00499105453491
0.00259804725647
0.00250101089478
0.00496006011963
0.00292086601257
0.00238609313965
0.00461483001709
0.0032799243927
0.00226998329163
0.0051109790802
0.00269603729248
0.00225496292114
0.00407814979553
0.0028920173645
0.00226497650146
0.00383591651917
0.00283813476562
0.00235605239868
0.00262308120728
0.00279712677002
0.00223684310913
0.0159890651703
0.00349903106689
0.00223708152771
0.0026547908783
0.00273108482361
0.00234603881836
0.0045120716095
0.00340914726257
0.00232601165771
0.00493884086609
0.00354194641113
0.0033130645752
0.00272989273071
0.00287890434265
0.00256490707397
0.00356006622314
0.00344800949097
0.00240206718445
0.00398588180542
0.00260090827942
0.00243806838989
0.0055980682373
0.00275301933289
0.00241899490356
0.00542497634888
0.0420088768005
0.00241208076477
0.00338888168335
0.00491905212402
0.00225019454956
0.00281310081482
0.00763511657715
0.0024139881134
0.00674510002136
0.00334882736206
0.0023820400238
0.00490593910217
0.00413107872009
0.0022120475769
0.0324289798737
0.00394487380981
0.00243902206421
0.00539803504944
0.00341296195984
0.00250506401062
0.00563502311707
0.00256991386414
0.00230193138123
0.00612902641296
0.0027129650116
0.00214290618896
0.00571298599243
0.00262808799744
0.00228214263916
0.00598096847534
0.00254821777344
0.00233006477356
0.00331282615662
0.00249695777893
0.00248003005981
0.00239586830139
0.00251603126526
0.00243997573853
0.00360703468323
0.00360107421875
0.00246477127075
0.00404715538025
0.00289297103882
0.00228905677795
0.00374484062195
0.00273895263672
0.00222277641296
0.00467610359192
0.0025680065155
0.00232315063477
0.00570917129517
0.00291085243225
0.00299596786499
0.00381708145142
0.00352001190186
0.00298500061035
0.00483703613281
0.00288605690002
0.00279092788696
0.00451397895813
0.00265288352966
0.00231695175171
0.0195760726929
0.00294184684753
0.00241589546204
0.00244998931885
0.00263285636902
0.0023820400238
0.00356388092041
0.00269198417664
0.00282597541809
0.00432801246643
0.0027551651001
0.00244617462158
0.00380206108093
0.0028190612793
0.00240278244019
0.00474309921265
0.00319695472717
0.00249791145325
0.00359082221985
0.0026171207428
0.0023820400238
0.00441312789917
0.00274896621704
0.00285196304321
0.00493288040161
0.0729420185089
0.00243496894836
0.00657486915588
0.00395393371582
0.00252509117126
0.00450897216797
0.00294589996338
0.00265288352966
0.00444912910461
0.00348114967346
0.00248694419861
0.00471186637878
0.00294089317322
0.00260210037231
0.00475192070007
0.00304412841797
0.00230288505554
0.0326070785522
0.00294899940491
0.00274610519409
0.00347995758057
0.00274610519409
0.00252985954285
0.00250506401062
0.00268793106079
0.00246906280518
0.00330018997192
0.00280904769897
0.0024049282074
0.00341105461121
0.00332689285278
0.00240397453308
0.00493097305298
0.00268888473511
0.00250387191772
0.00335097312927
0.00279402732849
0.00236105918884
0.00532388687134
0.00272512435913
0.00308012962341
0.00394511222839
0.00259494781494
0.00237512588501
0.00470399856567
0.003005027771
0.00242495536804
0.00540399551392
0.00262379646301
0.00233697891235
0.00444293022156
0.00356388092041
0.00247502326965
0.00371789932251
0.00269603729248
0.00242710113525
0.0138771533966
0.00274181365967
0.00243806838989
0.00238990783691
0.00262188911438
0.00275707244873
0.00382304191589
0.00343799591064
0.00242710113525
0.00493597984314
0.00255703926086
0.00251412391663
0.00432300567627
0.00252914428711
0.00234198570251
0.00374102592468
0.00321412086487
0.0024471282959
0.00357604026794
0.00313496589661
0.00248098373413
0.0039689540863
0.00284194946289
0.00255393981934
0.0054349899292
0.0417859554291
0.00258898735046
0.00274109840393
0.00278091430664
0.00232601165771
0.0161309242249
0.00270485877991
0.00244188308716
0.00642514228821
0.00253701210022
0.00227499008179
0.0052170753479
0.002681016922
0.00224709510803
0.00438213348389
0.00245094299316
0.0023181438446
0.0048041343689
0.00280284881592
0.00234198570251
0.00505185127258
0.00270104408264
0.00221300125122
0.0216710567474
0.00272297859192
0.00219798088074
0.00361299514771
0.00284600257874
0.00229501724243
0.00535893440247
0.00273704528809
0.00225782394409
0.00554800033569
0.00287890434265
0.00225305557251
0.0156269073486
0.00286102294922
0.0023500919342
0.0047550201416
0.00276494026184
0.0023090839386
0.00652313232422
0.00285291671753
0.00291800498962
0.00453686714172
0.00272393226624
0.0024299621582
0.00402593612671
0.00271892547607
0.00233697891235
0.00422286987305
0.00278997421265
0.00244688987732
0.00387287139893
0.00262308120728
0.00246787071228
0.00236010551453
0.00254416465759
0.00295114517212
0.00229716300964
0.00274920463562
0.00247597694397
0.00365996360779
0.00268292427063
0.00255107879639
0.00540995597839
0.00286102294922
0.00242495536804
0.00495195388794
0.00293803215027
0.00245904922485
0.00324511528015
0.00292682647705
0.00254011154175
0.0061411857605
0.00271105766296
0.00231599807739
0.00401186943054
0.00312805175781
0.00232195854187
0.0143749713898
0.00262308120728
0.00230693817139
0.00495386123657
0.00286197662354
0.00248789787292
0.00373005867004
0.00261998176575
0.00247001647949
0.00364398956299
0.00319504737854
0.00235795974731
0.00531005859375
0.00449085235596
0.00241494178772
0.00406312942505
0.00352215766907
0.00250101089478
0.00352096557617
0.00328397750854
0.00255489349365
0.00424909591675
0.00265002250671
0.0026650428772
0.00364303588867
0.00292801856995
0.00261497497559
0.00342988967896
0.0027220249176
0.00240993499756
0.00322389602661
0.00257897377014
0.00233387947083
0.00227403640747
0.00268197059631
0.00236392021179
0.00214791297913
0.00294804573059
0.00255084037781
0.0160670280457
0.00246787071228
0.00305509567261
0.00255799293518
0.00243401527405
0.00253391265869
0.0037989616394
0.0239069461823
0.0025589466095
0.00251889228821
0.00282311439514
0.00253081321716
0.00400400161743
0.00290107727051
0.00238800048828
0.00404691696167
0.00736093521118
0.00528597831726
0.00405883789062
0.00283098220825
0.00267887115479
0.00259613990784
0.00343108177185
0.00265002250671
0.00346279144287
0.00283002853394
0.00231385231018
0.00296902656555
0.00266194343567
0.00242877006531
0.00455212593079
0.00276398658752
0.00246500968933
0.00434994697571
0.0025520324707
0.00257205963135
0.00376200675964
0.0026068687439
0.00231409072876
0.0148282051086
0.0032069683075
0.00236105918884
0.00379300117493
0.00275993347168
0.00254797935486
0.00376105308533
0.00259709358215
0.0027379989624
0.00462603569031
0.00319385528564
0.0028190612793
0.0051600933075
0.00288486480713
0.00253105163574
0.00420188903809
0.00277209281921
0.00238108634949
0.00400304794312
0.00249600410461
0.00242495536804
0.00321102142334
0.00341486930847
0.0024778842926
0.00481200218201
0.00267100334167
0.00307393074036
0.0026798248291
0.00335502624512
0.00242710113525
0.00370097160339
0.00257110595703
0.00256609916687
0.00498580932617
0.00255298614502
0.00244998931885
0.0440359115601
0.00298500061035
0.00265312194824
0.00451493263245
0.00288605690002
0.003005027771
0.00297999382019
0.00287485122681
0.00240993499756
0.00296115875244
0.00266289710999
0.00235390663147
0.0101020336151
0.00258898735046
0.00232410430908
0.00253295898438
0.00266313552856
0.00234389305115
0.00375485420227
0.0026969909668
0.0036039352417
0.00528597831726
0.00263905525208
0.00239992141724
0.00449299812317
0.00255608558655
0.00231003761292
0.00513601303101
0.00320386886597
0.00221800804138
0.00514793395996
0.00257802009583
0.00238084793091
0.00530695915222
0.00263905525208
0.00247001647949
0.00629305839539
0.00321888923645
0.00236392021179
0.0241930484772
0.00276780128479
0.00233006477356
0.00401091575623
0.0160348415375
0.00258302688599
0.00526285171509
0.00279593467712
0.00237011909485
0.0126750469208
0.00277709960938
0.00250816345215
0.00337815284729
0.00320911407471
0.00254583358765
0.00341510772705
0.00263977050781
0.00266814231873
0.00318121910095
0.00259709358215
0.00239586830139
0.00236201286316
0.020546913147
0.00231409072876
0.00246500968933
0.00283193588257
0.00235509872437
0.00246620178223
0.0029890537262
0.0028989315033
0.00320601463318
0.00270295143127
0.00250601768494
0.0121800899506
0.00268793106079
0.00258779525757
0.00495195388794
0.00296401977539
0.00244688987732
0.00479888916016
0.00277709960938
0.0024299621582
0.00466990470886
0.00267004966736
0.002366065979
0.00408506393433
0.00336003303528
0.00259494781494
0.00241899490356
0.00272107124329
0.00244903564453
0.00360703468323
0.0034761428833
0.00228309631348
0.00501990318298
0.00386595726013
0.00261092185974
0.00490689277649
0.002681016922
0.00236582756042
0.00391507148743
0.00283885002136
0.00241208076477
0.00408697128296
0.00287914276123
0.00233602523804
0.0174510478973
0.00298404693604
0.00313115119934
0.00268793106079
0.00276589393616
0.002366065979
0.00405597686768
0.00273609161377
0.00234484672546
0.00305008888245
0.00406789779663
0.00236701965332
0.00310301780701
0.00285911560059
0.00231885910034
0.00453495979309
0.00294804573059
0.00238180160522
0.00547099113464
0.00288891792297
0.00227689743042
0.00455808639526
0.00288796424866
0.00230097770691
0.00712895393372
0.00275301933289
0.00305795669556
0.00477004051208
0.00279808044434
0.00257706642151
0.00312113761902
0.00316882133484
0.00256204605103
0.00436592102051
0.0026969909668
0.00244283676147
0.0213479995728
0.00293803215027
0.00239086151123
0.00251507759094
0.00264692306519
0.00285816192627
0.00270199775696
0.0025839805603
0.00241708755493
0.0047881603241
0.0026330947876
0.00257992744446
0.00477695465088
0.002769947052
0.0023980140686
0.00336813926697
0.00254392623901
0.00245499610901
0.00241589546204
0.00259208679199
0.00238108634949
0.00392889976501
0.00295901298523
0.00246286392212
0.00347805023193
0.00265192985535
0.00235486030579
0.00356698036194
0.00246000289917
0.00244498252869
0.00534415245056
0.00253701210022
0.00226306915283
0.0048828125
0.00266098976135
0.00225186347961
0.00379490852356
0.00324702262878
0.00225782394409
0.00602293014526
0.00266194343567
0.00209808349609
0.00298309326172
0.0025749206543
0.00282311439514
0.00309610366821
0.00272488594055
0.00219893455505
0.0358059406281
0.00299787521362
0.00253200531006
0.00348305702209
0.00340700149536
0.00256705284119
0.00504088401794
0.00282692909241
0.00244212150574
0.00627708435059
0.00315690040588
0.00238490104675
0.00516104698181
0.00337290763855
0.00225496292114
0.00458097457886
0.00275182723999
0.00238013267517
0.00591707229614
0.0037670135498
0.00220990180969
0.00311398506165
0.00271701812744
0.002357006073
0.00407409667969
0.00324201583862
0.00230002403259
0.00491404533386
0.00257802009583
0.0024950504303
0.0043351650238
0.00313401222229
0.00241112709045
0.00331497192383
0.00385999679565
0.00240588188171
0.00365591049194
0.0052170753479
0.00241422653198
0.0030210018158
0.00387597084045
0.00224208831787
0.0175302028656
0.00415396690369
0.0036461353302
0.00505900382996
0.00291395187378
0.0424039363861
0.00334715843201
0.00297713279724
0.00254583358765
0.00355005264282
0.00308585166931
0.00253200531006
0.00373888015747
0.00283908843994
0.00239086151123
0.00309801101685
0.00272989273071
0.00255393981934
0.00390100479126
0.00273895263672
0.00235795974731
0.00327301025391
0.00299477577209
0.00250291824341
0.00314211845398
0.00356817245483
0.00227808952332
0.00363683700562
0.00265097618103
0.00232696533203
0.00293707847595
0.0026969909668
0.00225806236267
0.00393795967102
0.00268507003784
0.00240683555603
0.00555109977722
0.0362358093262
0.00250697135925
0.0187499523163
0.00289702415466
0.00292086601257
0.003986120224
0.00289511680603
0.00263595581055
0.00540280342102
0.00283098220825
0.00247097015381
0.00497388839722
0.00286412239075
0.0024790763855
0.00284790992737
0.00274395942688
0.00241994857788
0.019455909729
0.00289797782898
0.00299286842346
0.00509786605835
0.00274777412415
0.00266313552856
0.00522303581238
0.00294995307922
0.00237798690796
0.0171730518341
0.00293517112732
0.0025007724762
0.00592017173767
0.00302910804749
0.00244116783142
0.00621199607849
0.00288391113281
0.00251507759094
0.00603199005127
0.00288891792297
0.00238299369812
0.00448894500732
0.00288605690002
0.00241208076477
0.00395894050598
0.00309991836548
0.00240206718445
0.00354385375977
0.00261092185974
0.00239586830139
0.00357007980347
0.00271892547607
0.00261998176575
0.00497984886169
0.00382304191589
0.00244402885437
0.00470805168152
0.00266790390015
0.00229406356812
0.00598978996277
0.00273203849792
0.002366065979
0.00386595726013
0.00275301933289
0.00240588188171
0.00965189933777
0.00265312194824
0.00226712226868
0.00330400466919
0.0030369758606
0.00232315063477
0.00446915626526
0.0027859210968
0.00219488143921
0.00357794761658
0.00275301933289
0.00223016738892
0.00315093994141
0.00284504890442
0.00230407714844
0.00237703323364
0.00282502174377
0.00236296653748
0.00409579277039
0.00271201133728
0.00283002853394
0.00400400161743
0.0025520324707
0.00243592262268
0.00414395332336
0.00259709358215
0.0024631023407
0.00498700141907
0.0690441131592
0.00269103050232
0.00267505645752
0.00272989273071
0.0024209022522
0.00259804725647
0.00276494026184
0.00244998931885
0.00389289855957
0.00267100334167
0.00249481201172
0.00503993034363
0.00259900093079
0.00262594223022
0.00574111938477
0.0027539730072
0.00244784355164
0.00517010688782
0.00260996818542
0.00237393379211
0.00576400756836
0.00285196304321
0.0024209022522
0.00547909736633
0.00272011756897
0.00248289108276
0.0241150856018
0.00289607048035
0.00248694419861
0.00396800041199
0.00442099571228
0.0024528503418
0.00498795509338
0.00435209274292
0.00245308876038
0.00301289558411
0.00334596633911
0.00248098373413
0.00380420684814
0.00282311439514
0.00243306159973
0.00386500358582
0.00268197059631
0.00267505645752
0.0154650211334
0.00270414352417
0.00250101089478
0.0048520565033
0.00288391113281
0.00234293937683
0.00602102279663
0.00280499458313
0.00250220298767
0.0045440196991
0.00265312194824
0.00291299819946
0.00445413589478
0.00261902809143
0.00247001647949
0.00403499603271
0.00261783599854
0.0025041103363
0.00569701194763
0.00250697135925
0.00242209434509
0.00577282905579
0.00259900093079
0.00259280204773
0.00475311279297
0.00290393829346
0.00309300422668
0.00246000289917
0.00286507606506
0.00244283676147
0.00253891944885
0.00275206565857
0.00234508514404
0.00418305397034
0.00321006774902
0.00231599807739
0.0482409000397
0.00296592712402
0.00278902053833
0.00421619415283
0.00278615951538
0.00273585319519
0.00638794898987
0.00262999534607
0.00242185592651
0.00488495826721
0.00275611877441
0.00243902206421
0.0175220966339
0.00271201133728
0.00240206718445
0.00409293174744
0.00275087356567
0.00238990783691
0.00258207321167
0.003014087677
0.00240206718445
0.00423407554626
0.00367593765259
0.00254392623901
0.00370287895203
0.00281691551208
0.00236296653748
0.00415897369385
0.00282502174377
0.0023410320282
0.00238800048828
0.00402998924255
0.00249004364014
0.00251722335815
0.00323700904846
0.00258898735046
0.00240182876587
0.00353097915649
0.00247812271118
0.0025680065155
0.00291109085083
0.00257682800293
0.00317001342773
0.00286889076233
0.00232195854187
0.00471091270447
0.00358104705811
0.00234198570251
0.00354480743408
0.0027871131897
0.00227284431458
0.0180251598358
0.0344030857086
0.00343585014343
0.00484991073608
0.00337195396423
0.00230884552002
0.0023889541626
0.00326108932495
0.00233316421509
0.00249600410461
0.00283598899841
0.00238704681396
0.00251483917236
0.0027871131897
0.00237011909485
0.00594592094421
0.002760887146
0.00250887870789
0.0100200176239
0.00300788879395
0.00259900093079
0.00241899490356
0.00281000137329
0.00237202644348
0.00398802757263
0.00287580490112
0.00247406959534
0.00496101379395
0.00273704528809
0.00240802764893
0.0154888629913
0.00292110443115
0.00260710716248
0.00365090370178
0.00290989875793
0.00240612030029
0.00301718711853
0.00274801254272
0.00238990783691
0.00283598899841
0.0027859210968
0.00230813026428
0.00455498695374
0.00279211997986
0.0022919178009
0.00978589057922
0.00270795822144
0.00229096412659
0.00256705284119
0.00322914123535
0.00235104560852
0.00261807441711
0.00290083885193
0.00222897529602
0.0031259059906
0.00282406806946
0.00221395492554
0.00535202026367
0.00261497497559
0.00231409072876
0.00541520118713
0.00274014472961
0.00243902206421
0.0049889087677
0.00268006324768
0.00309801101685
0.00455188751221
0.00277400016785
0.00257897377014
0.00371098518372
0.00273990631104
0.00250196456909
0.00332903862
0.00259518623352
0.00254011154175
0.00298500061035
0.00333499908447
0.00248312950134
0.00307488441467
0.00275897979736
0.00302386283875
0.00980710983276
0.00256991386414
0.00242900848389
0.00525498390198
0.00260496139526
0.00307989120483
0.00368595123291
0.00275015830994
0.00306606292725
0.00292301177979
0.00282597541809
0.00261306762695
0.00340390205383
0.00286412239075
0.00422215461731
0.00536179542542
0.00256896018982
0.00225305557251
0.00566291809082
0.00288701057434
0.00242400169373
0.00377297401428
0.00297093391418
0.00237894058228
0.00297212600708
0.00290989875793
0.00244498252869
0.00433278083801
0.00283002853394
0.0025269985199
0.00326085090637
0.00344705581665
0.00244188308716
0.0055980682373
0.00310611724854
0.00244092941284
0.0037260055542
0.0383388996124
0.00323104858398
0.00268411636353
0.00289106369019
0.00258708000183
0.00240397453308
0.0027289390564
0.00247097015381
0.00273299217224
0.00310707092285
0.00242590904236
0.00322985649109
0.00254392623901
0.00246095657349
0.00697803497314
0.0026490688324
0.00250291824341
0.005774974823
0.00270199775696
0.00277805328369
0.0037670135498
0.00313091278076
0.00238084793091
0.00374007225037
0.00259900093079
0.00280714035034
0.00350904464722
0.00264406204224
0.00232911109924
0.00529408454895
0.0026650428772
0.00230407714844
0.00472402572632
0.00265598297119
0.00215792655945
0.00487208366394
0.00328779220581
0.00234913825989
0.00350189208984
0.00268888473511
0.00227999687195
0.00498390197754
0.00327897071838
0.00233507156372
0.00406718254089
0.0026388168335
0.002436876297
0.00342106819153
0.00261282920837
0.0023980140686
0.0319240093231
0.00280785560608
0.00224304199219
0.00536799430847
0.00273203849792
0.00233387947083
0.00604104995728
0.00277400016785
0.00238585472107
0.00388693809509
0.00287580490112
0.00226497650146
0.00449585914612
0.0027871131897
0.0022828578949
0.00372695922852
0.00288677215576
0.00218105316162
0.00434994697571
0.00253486633301
0.00228190422058
0.00389909744263
0.00305509567261
0.00253009796143
0.00399708747864
0.00270318984985
0.00226497650146
0.00354719161987
0.00251698493958
0.00224089622498
0.00361013412476
0.0025360584259
0.00226712226868
0.00239515304565
0.00256514549255
0.00227403640747
0.00399708747864
0.00247097015381
0.00283813476562
0.0146391391754
0.00249600410461
0.0023090839386
0.00518202781677
0.00267386436462
0.0021698474884
0.00448989868164
0.0126581192017
0.00214600563049
0.00269985198975
0.00270581245422
0.00213098526001
0.00476384162903
0.00260806083679
0.00262808799744
0.00677514076233
0.00260305404663
0.00218415260315
0.00623893737793
0.00250291824341
0.0022759437561
0.00511980056763
0.00260591506958
0.00224494934082
0.00493597984314
0.00258684158325
0.00217509269714
0.00409913063049
0.00242900848389
0.00215911865234
0.00276708602905
0.00254797935486
0.00227093696594
0.0124480724335
0.00247812271118
0.00216913223267
0.0044219493866
0.00242590904236
0.00209903717041
0.00368499755859
0.00242900848389
0.00223898887634
0.00565695762634
0.00265908241272
0.00252103805542
0.003338098526
0.00299906730652
0.00245380401611
0.00993704795837
0.00238704681396
0.00231981277466
0.00431489944458
0.00243592262268
0.00231885910034
0.00549507141113
0.00237798690796
0.00241804122925
0.0031909942627
0.00235819816589
0.00224304199219
0.00330805778503
0.00274205207825
0.00236487388611
0.00475001335144
0.00219106674194
0.00271010398865
0.00449919700623
0.0026490688324
0.00220108032227
0.00375604629517
0.00267100334167
0.0021870136261
0.0104279518127
0.00348496437073
0.00219297409058
0.00215196609497
0.00357103347778
0.00230598449707
0.00322103500366
0.00216007232666
0.00243306159973
0.00266098976135
0.00266313552856
0.00220203399658
0.00493979454041
0.00235891342163
0.00216698646545
0.00394892692566
0.00233101844788
0.0021071434021
0.00321102142334
0.00235891342163
0.00216507911682
0.00256085395813
0.0024528503418
0.00216388702393
0.00505900382996
0.00228404998779
0.0020911693573
0.0129210948944
0.00290608406067
0.0021698474884
0.00206995010376
0.0021870136261
0.00224590301514
0.00576019287109
0.00231409072876
0.00223708152771
0.00487017631531
0.00218892097473
0.00221586227417
0.00465798377991
0.00229287147522
0.00229287147522
0.00516605377197
0.00233507156372
0.00231409072876
0.00254893302917
0.00266695022583
0.00226402282715
0.0041229724884
0.00262999534607
0.00221705436707
0.00422215461731
0.00302505493164
0.00228595733643
0.00384902954102
0.00313782691956
0.00228404998779
0.00372099876404
0.00250387191772
0.00219082832336
0.0190870761871
0.00262403488159
0.00231194496155
0.00277209281921
0.00255918502808
0.00248098373413
0.00361394882202
0.00246214866638
0.00288200378418
0.00524711608887
0.00268602371216
0.00224804878235
0.00436186790466
0.00265502929688
0.00229716300964
0.00440788269043
0.00247502326965
0.00222110748291
0.00507593154907
0.00255799293518
0.0205688476562
0.00235295295715
0.00251603126526
0.00276207923889
0.00276398658752
0.00267100334167
0.0023500919342
0.00492286682129
0.00268578529358
0.00239491462708
0.00538396835327
0.00265502929688
0.00232100486755
0.0590999126434
0.00277280807495
0.00237011909485
0.00306701660156
0.00250506401062
0.00220704078674
0.00517988204956
0.0045599937439
0.00290107727051
0.00352907180786
0.00316500663757
0.0020489692688
0.00394010543823
0.00261092185974
0.00211119651794
0.00374794006348
0.00259685516357
0.0019838809967
0.0045599937439
0.00252199172974
0.00212693214417
0.00574088096619
0.00292205810547
0.00210905075073
0.00566720962524
0.00291705131531
0.002121925354
0.00436401367188
0.00282406806946
0.0025269985199
0.00294613838196
0.00291204452515
0.00269603729248
0.0150279998779
0.00240588188171
0.00266098976135
0.00366520881653
0.00263404846191
0.00223612785339
0.00214600563049
0.00333118438721
0.00221610069275
0.00197291374207
0.00336694717407
0.00220322608948
0.00204491615295
0.00237798690796
0.00222110748291
0.00213980674744
0.0028829574585
0.0022280216217
0.0023889541626
0.00220608711243
0.00267696380615
0.0039279460907
0.00236201286316
0.00228095054626
0.0040488243103
0.0158820152283
0.00214409828186
0.00240516662598
0.0025360584259
0.00218486785889
0.00359392166138
0.00242590904236
0.00219988822937
0.00437307357788
0.00249004364014
0.00216293334961
0.00493788719177
0.00266695022583
0.00282788276672
0.00581884384155
0.00327301025391
0.00229811668396
0.0141417980194
0.00285196304321
0.00238800048828
0.0051851272583
0.00269293785095
0.00234985351562
0.00434494018555
0.00308895111084
0.00230598449707
0.00356793403625
0.00261402130127
0.00231695175171
0.00302195549011
0.00265407562256
0.00228190422058
0.00360083580017
0.00272583961487
0.00215601921082
0.00227499008179
0.00259804725647
0.002201795578
0.00231385231018
0.00259900093079
0.00217914581299
0.00516510009766
0.00257992744446
0.00212097167969
0.00530886650085
0.00248503684998
0.00212502479553
0.0062267780304
0.00238394737244
0.00213098526001
0.00520300865173
0.00242400169373
0.00219416618347
0.0034511089325
0.00249004364014
0.00227499008179
0.0104918479919
0.00263094902039
0.00288391113281
0.00443720817566
0.0034499168396
0.00236582756042
0.00276184082031
0.00266408920288
0.0021800994873
0.00257110595703
0.00256991386414
0.00228095054626
0.00522398948669
0.00281882286072
0.00234007835388
0.00502610206604
0.00268816947937
0.00258302688599
0.00258612632751
0.0032331943512
0.0021800994873
0.00283813476562
0.00269508361816
0.00211596488953
0.0104649066925
0.00252985954285
0.00225806236267
0.00353097915649
0.00262594223022
0.00218200683594
0.00280785560608
0.00250887870789
0.00220203399658
0.00368404388428
0.00242900848389
0.00214600563049
0.00951886177063
0.00264191627502
0.00215315818787
0.00212407112122
0.00260019302368
0.00217604637146
0.00320816040039
0.00274801254272
0.00220394134521
0.00459504127502
0.00273394584656
0.00311303138733
0.0156319141388
0.00338888168335
0.00233793258667
0.00412583351135
0.00274705886841
0.00230312347412
0.00337409973145
0.00257897377014
0.0023341178894
0.00486898422241
0.00244879722595
0.00223898887634
0.00460195541382
0.00251603126526
0.00225782394409
0.00318384170532
0.00270199775696
0.00223112106323
0.00337386131287
0.00236797332764
0.0022599697113
0.00406384468079
0.0510079860687
0.00230598449707
0.00275611877441
0.00287699699402
0.00227093696594
0.00364995002747
0.00278091430664
0.00217986106873
0.00528001785278
0.00272297859192
0.00258898735046
0.00539112091064
0.00266814231873
0.00218820571899
0.00550603866577
0.00261402130127
0.0027289390564
0.00561809539795
0.00260400772095
0.00227499008179
0.00501799583435
0.00427508354187
0.00228714942932
0.00384902954102
0.00335192680359
0.00217604637146
0.0041229724884
0.00317597389221
0.00236582756042
0.00548386573792
0.00299000740051
0.00228905677795
0.00537204742432
0.00255393981934
0.00219798088074
0.00233507156372
0.0025200843811
0.0021538734436
0.00369191169739
0.00254511833191
0.00216007232666
0.00524687767029
0.00261998176575
0.0021858215332
0.0124540328979
0.00242400169373
0.0022439956665
0.00257086753845
0.00281596183777
0.00216197967529
0.00329899787903
0.0662999153137
0.00244379043579
0.00395011901855
0.00276899337769
0.00230884552002
0.00321292877197
0.00329208374023
0.00231504440308
0.0024049282074
0.00256609916687
0.0023729801178
0.00251388549805
0.00248885154724
0.00229406356812
0.0042519569397
0.00247597694397
0.00219702720642
0.00645589828491
0.00304985046387
0.00227499008179
0.0038628578186
0.00270390510559
0.00281500816345
0.00424313545227
0.00254392623901
0.00229001045227
0.00618815422058
0.00246500968933
0.00237393379211
0.00503993034363
0.00236320495605
0.00230002403259
0.00421380996704
0.00263500213623
0.00227808952332
0.00328588485718
0.00249099731445
0.00279188156128
0.00417399406433
0.00252199172974
0.00225186347961
0.00704598426819
0.00242400169373
0.00216889381409
0.00598001480103
0.00289511680603
0.00238108634949
0.0234251022339
0.00282597541809
0.00236201286316
0.00557613372803
0.00273108482361
0.00345611572266
0.00408601760864
0.00260186195374
0.00225305557251
0.00648903846741
0.00313997268677
0.00225496292114
0.00462889671326
0.00247597694397
0.00223779678345
0.00488305091858
0.00262188911438
0.00221610069275
0.003084897995
0.00264692306519
0.00213098526001
0.00217795372009
0.0030620098114
0.00223422050476
0.00397992134094
0.00245785713196
0.00211787223816
0.00532102584839
0.00236797332764
0.00223898887634
0.00414800643921
0.00246405601501
0.00224804878235
0.00238800048828
0.00260305404663
0.00229692459106
0.00297808647156
0.00276494026184
0.00220990180969
0.00430297851562
0.00239300727844
0.00209283828735
0.0063738822937
0.00244402885437
0.00212693214417
0.0021378993988
0.00246286392212
0.00209784507751
0.0145809650421
0.00256609916687
0.0020751953125
0.00244188308716
0.00271606445312
0.00255799293518
0.00246787071228
0.00255799293518
0.0020489692688
0.00420904159546
0.00249814987183
0.00211691856384
0.00531911849976
0.00273895263672
0.00280904769897
0.00516700744629
0.00259304046631
0.00297093391418
0.00286483764648
0.00266695022583
0.00269293785095
0.00287199020386
0.00266695022583
0.00309491157532
0.00294494628906
0.00252604484558
0.0024881362915
0.00288891792297
0.00271797180176
0.00223422050476
0.00433993339539
0.0032000541687
0.00215697288513
0.0182869434357
0.00282907485962
0.00226378440857
0.00525307655334
0.00271391868591
0.00228381156921
0.00323009490967
0.00267004966736
0.00237512588501
0.00457501411438
0.0345921516418
0.00239491462708
0.00533509254456
0.00283598899841
0.00232100486755
0.0062620639801
0.00254321098328
0.00214195251465
0.00540089607239
0.00356101989746
0.00227999687195
0.0155639648438
0.00261306762695
0.00225400924683
0.00274896621704
0.00248098373413
0.00229716300964
0.00249409675598
0.0024049282074
0.00220203399658
0.00289487838745
0.00270700454712
0.00227117538452
0.00377416610718
0.00267696380615
0.00277590751648
0.00286197662354
0.002690076828
0.00221514701843
0.00267910957336
0.00245404243469
0.00222492218018
0.00521206855774
0.0022828578949
0.00224900245667
0.0204720497131
0.00300002098083
0.00231409072876
0.00562000274658
0.00300884246826
0.00298595428467
0.00405192375183
0.00251412391663
0.00281596183777
0.0046820640564
0.00397801399231
0.00244688987732
0.00371694564819
0.0025520324707
0.00238394737244
0.00456404685974
0.00252199172974
0.00345706939697
0.00506615638733
0.00263094902039
0.0022919178009
0.00314784049988
0.00268983840942
0.00232911109924
0.00377106666565
0.00263786315918
0.00228500366211
0.00530910491943
0.00267386436462
0.00230383872986
0.00531196594238
0.00261998176575
0.00228595733643
0.00543594360352
0.00261807441711
0.00211310386658
0.00550889968872
0.00306105613708
0.00227499008179
0.00449204444885
0.00426602363586
0.00354695320129
0.00381684303284
0.0025999546051
0.00229597091675
0.00350499153137
0.0603439807892
0.00249791145325
0.0474050045013
0.00288605690002
0.00255298614502
0.00385808944702
0.00347280502319
0.00237202644348
0.00440001487732
0.00263595581055
0.00235104560852
0.00480794906616
0.00255489349365
0.00239300727844
0.00603413581848
0.00251007080078
0.00242209434509
0.00606393814087
0.00285315513611
0.00235199928284
0.00512790679932
0.0035080909729
0.00223588943481
0.00443601608276
0.00242495536804
0.00216388702393
0.00337505340576
0.00253796577454
0.00218486785889
0.00211000442505
0.00242495536804
0.0022120475769
0.004075050354
0.00231289863586
0.00212597846985
0.00499677658081
0.00267505645752
0.0020740032196
0.00604796409607
0.00264978408813
0.00229406356812
0.00656294822693
0.00253701210022
0.00232601165771
0.0073390007019
0.00258493423462
0.00220012664795
0.00550413131714
0.00290703773499
0.00223398208618
0.00574207305908
0.00271391868591
0.00220799446106
0.0117220878601
0.0024688243866
0.00213503837585
0.00358009338379
0.00306010246277
0.00225305557251
0.00391292572021
0.00306820869446
0.00231790542603
0.00371289253235
0.00297904014587
0.00227689743042
0.00410604476929
0.00301194190979
0.00229001045227
0.00453805923462
0.0028121471405
0.00243020057678
0.0045759677887
0.00226187705994
0.00216007232666
0.00412201881409
0.00238180160522
0.00210785865784
0.0050220489502
0.00268197059631
0.00241994857788
0.00608921051025
0.00259494781494
0.00231099128723
0.00602197647095
0.00248098373413
0.0029501914978
0.00446915626526
0.00269412994385
0.0023181438446
0.0772311687469
0.00274515151978
0.00234293937683
0.00257205963135
0.00271511077881
0.00238800048828
0.00348806381226
0.00249195098877
0.00216603279114
0.00393009185791
0.00250816345215
0.00269198417664
0.00455093383789
0.00252985954285
0.00225782394409
0.006108045578
0.00263094902039
0.00232100486755
0.00516486167908
0.00251793861389
0.0021800994873
0.00502419471741
0.0025680065155
0.00210976600647
0.00313496589661
0.00244116783142
0.00212693214417
0.00268197059631
0.00247406959534
0.0021550655365
0.00442981719971
0.00244808197021
0.00221109390259
0.00524401664734
0.00233387947083
0.00228810310364
0.00312614440918
0.00226902961731
0.00229120254517
0.00220990180969
0.00237488746643
0.0022599697113
0.0134410858154
0.00309491157532
0.00226998329163
0.00346708297729
0.0360379219055
0.00222992897034
0.0119462013245
0.00266003608704
0.00240707397461
0.00341105461121
0.00250816345215
0.00226807594299
0.00603413581848
0.0026159286499
0.00225806236267
0.00535917282104
0.00326704978943
0.00237703323364
0.00471806526184
0.00276708602905
0.00221920013428
0.00365710258484
0.00253295898438
0.00214600563049
0.00416207313538
0.00251507759094
0.00211501121521
0.00570821762085
0.00256609916687
0.00219893455505
0.018177986145
0.00261211395264
0.00248312950134
0.00306487083435
0.00270199775696
0.00223517417908
0.0022189617157
0.00270390510559
0.00213217735291
0.00301790237427
0.00262093544006
0.00212478637695
0.00382685661316
0.00271701812744
0.00216507911682
0.00364804267883
0.00313210487366
0.00231313705444
0.00519895553589
0.00268387794495
0.00238299369812
0.00631904602051
0.00249409675598
0.00233507156372
0.00469899177551
0.00266098976135
0.00227689743042
0.00383305549622
0.00260901451111
0.00241303443909
0.00591111183167
0.00287699699402
0.00261187553406
0.00666999816895
0.00291895866394
0.00297904014587
0.00413417816162
0.00263214111328
0.00386190414429
0.0170319080353
0.0764799118042
0.002769947052
0.00258207321167
0.00278210639954
0.00244617462158
0.00262308120728
0.00261688232422
0.00231409072876
0.00425410270691
0.00259900093079
0.00234413146973
0.00287413597107
0.00277900695801
0.00235390663147
0.00272583961487
0.0032320022583
0.00218915939331
0.00342893600464
0.00296092033386
0.00226092338562
0.00412678718567
0.00271105766296
0.00213503837585
0.00343704223633
0.00361895561218
0.00220894813538
0.00537204742432
0.00252318382263
0.00211906433105
0.00511693954468
0.00248789787292
0.00215196609497
0.0162019729614
0.00242900848389
0.00212407112122
0.0025429725647
0.00240993499756
0.00227284431458
0.00632286071777
0.00253391265869
0.00285601615906
0.00466203689575
0.00248885154724
0.00231599807739
0.00348210334778
0.00248193740845
0.00283408164978
0.00493192672729
0.00305008888245
0.00222301483154
0.00487995147705
0.00241994857788
0.00224804878235
0.00725078582764
0.00258493423462
0.00217223167419
0.0050790309906
0.00273513793945
0.0021550655365
0.00404500961304
0.00234603881836
0.0022280216217
0.00562620162964
0.00241804122925
0.00213193893433
0.00242400169373
0.00233888626099
0.00221991539001
0.00450801849365
0.00226306915283
0.0022189617157
0.00584506988525
0.00240397453308
0.00236010551453
0.00284910202026
0.00221800804138
0.00220704078674
0.0122320652008
0.0023341178894
0.00221800804138
0.00328087806702
0.00306391716003
0.00215315818787
0.00396990776062
0.00268602371216
0.00223708152771
0.00283908843994
0.00315713882446
0.00230002403259
0.00382304191589
0.00318193435669
0.00226306915283
0.00385999679565
0.00269103050232
0.00214695930481
0.00325584411621
0.00270199775696
0.00275111198425
0.00272297859192
0.0031840801239
0.00226306915283
0.00425004959106
0.00282001495361
0.00267910957336
0.00464510917664
0.00269103050232
0.00244188308716
0.00633692741394
0.00269198417664
0.00221109390259
0.00538396835327
0.0027449131012
0.00208806991577
0.0135939121246
0.00281691551208
0.00208282470703
0.0025110244751
0.00268197059631
0.00341391563416
0.00280284881592
0.00279998779297
0.00224590301514
0.00295495986938
0.00323891639709
0.00207304954529
0.0025851726532
0.00274014472961
0.00214004516602
0.00405311584473
0.00270509719849
0.00211906433105
0.00429701805115
0.00285887718201
0.00203585624695
0.00571894645691
0.00254082679749
0.00209593772888
0.00516104698181
0.00270080566406
0.00209188461304
0.00423502922058
0.00256705284119
0.00223803520203
0.00316119194031
0.00265192985535
0.00205588340759
0.00258183479309
0.0026969909668
0.00209307670593
0.0141611099243
0.00335597991943
0.00212907791138
0.00245904922485
0.0028281211853
0.00201201438904
0.00302791595459
0.00270295143127
0.00203990936279
0.00319385528564
0.0347878932953
0.002445936203
0.00334501266479
0.00283908843994
0.0024049282074
0.0170469284058
0.00437498092651
0.00231003761292
0.00419020652771
0.00299692153931
0.00231003761292
0.0023820400238
0.00263714790344
0.00225496292114
0.00352811813354
0.00246596336365
0.0022189617157
0.00364303588867
0.00253915786743
0.00218510627747
0.0134651660919
0.00263905525208
0.00265002250671
0.00315499305725
0.00272417068481
0.0577099323273
0.00319290161133
0.00279784202576
0.00239300727844
0.00378799438477
0.00250792503357
0.00242185592651
0.00439190864563
0.00245881080627
0.00240206718445
0.00535607337952
0.00251221656799
0.00359392166138
0.00876188278198
0.00276684761047
0.00241804122925
0.00242209434509
0.00311303138733
0.00225591659546
0.00224685668945
0.00237894058228
0.00256896018982
0.00469207763672
0.002445936203
0.00223302841187
0.004390001297
0.00242209434509
0.00228691101074
0.00424098968506
0.0022919178009
0.00219988822937
0.00214910507202
0.00231599807739
0.00225400924683
0.00352382659912
0.00239181518555
0.00239491462708
0.00336885452271
0.00215196609497
0.00215005874634
0.00555014610291
0.00254106521606
0.0022439956665
0.00525903701782
0.0031681060791
0.00224804878235
0.00603485107422
0.068755865097
0.00238490104675
0.0245018005371
0.0026741027832
0.00229597091675
0.006511926651
0.00264406204224
0.0022439956665
0.00399398803711
0.00257396697998
0.00227093696594
0.006343126297
0.00299119949341
0.00230002403259
0.00492405891418
0.0029718875885
0.00229001045227
0.00549793243408
0.0024881362915
0.00226807594299
0.00499701499939
0.00231289863586
0.00234198570251
0.00424218177795
0.00244188308716
0.00223207473755
0.0027711391449
0.00241589546204
0.00266003608704
0.00273108482361
0.00317907333374
0.00214719772339
0.00353312492371
0.00228595733643
0.00207901000977
0.00459694862366
0.00248789787292
0.00211787223816
0.00673985481262
0.0028669834137
0.00209784507751
0.00463199615479
0.0341250896454
0.00236201286316
0.00629997253418
0.00261902809143
0.00243091583252
0.010812997818
0.00254416465759
0.00234007835388
0.00383710861206
0.00254917144775
0.00234007835388
0.00572800636292
0.00257706642151
0.00229907035828
0.00553703308105
0.00246620178223
0.00229692459106
0.00476384162903
0.00249290466309
0.00220894813538
0.00396084785461
0.00246405601501
0.0021390914917
0.00302004814148
0.00237798690796
0.00214505195618
0.00219106674194
0.00239515304565
0.00219702720642
0.00348520278931
0.00275611877441
0.00219106674194
0.00359606742859
0.00284814834595
0.00229120254517
0.00396800041199
0.00236797332764
0.00228595733643
0.00568890571594
0.00240683555603
0.00269794464111
0.0589611530304
0.00254607200623
0.00237107276917
0.00412702560425
0.00324988365173
0.00239300727844
0.00413012504578
0.00254011154175
0.00286507606506
0.0046489238739
0.00254106521606
0.00228977203369
0.00555992126465
0.00256991386414
0.0027220249176
0.00641107559204
0.00246810913086
0.00223398208618
0.00488805770874
0.00243020057678
0.00215196609497
0.00528001785278
0.00232911109924
0.00271201133728
0.0047562122345
0.00231003761292
0.00295305252075
0.00426077842712
0.00280594825745
0.00205302238464
0.0163221359253
0.00287103652954
0.00249886512756
0.0026068687439
0.0026490688324
0.0024471282959
0.00289702415466
0.00265502929688
0.00228595733643
0.00536704063416
0.0032000541687
0.00219893455505
0.00380516052246
0.00296401977539
0.00220394134521
0.00454807281494
0.00245904922485
0.00214004516602
0.00533199310303
0.0024950504303
0.00229215621948
0.00570487976074
0.00249600410461
0.00219106674194
0.00606417655945
0.00243592262268
0.00231409072876
0.00481796264648
0.0023992061615
0.00233387947083
0.0059449672699
0.00239682197571
0.00232100486755
0.00658917427063
0.00231003761292
0.00223302841187
0.00483012199402
0.00240206718445
0.00223398208618
0.00670599937439
0.002366065979
0.00214099884033
0.0110719203949
0.00231409072876
0.00228095054626
0.00325703620911
0.002357006073
0.00223088264465
0.00282192230225
0.00243782997131
0.00207495689392
0.00533580780029
0.00352501869202
0.00210499763489
0.00407099723816
0.00276899337769
0.00320196151733
0.00407719612122
0.00268006324768
0.00210905075073
0.0168039798737
0.00286316871643
0.0021059513092
0.00309181213379
0.00262188911438
0.0228159427643
0.00809288024902
0.00267910957336
0.00223207473755
0.00498390197754
0.00271105766296
0.00279116630554
0.00657606124878
0.00261211395264
0.00233483314514
0.00401902198792
0.00262093544006
0.00238108634949
0.00381708145142
0.00255084037781
0.00234580039978
0.00513911247253
0.0026650428772
0.00225305557251
0.00562691688538
0.00245904922485
0.00220608711243
0.0139420032501
0.00264096260071
0.00242614746094
0.00225210189819
0.00268697738647
0.00203013420105
0.00369310379028
0.00414705276489
0.00205612182617
0.00598192214966
0.00321507453918
0.00209403038025
0.00407910346985
0.00304913520813
0.00194001197815
0.00476098060608
0.00366997718811
0.00211000442505
0.00562310218811
0.00300812721252
0.00210618972778
0.00424599647522
0.00264382362366
0.00208187103271
0.00280404090881
0.0026319026947
0.00203394889832
0.00237393379211
0.00251293182373
0.00211596488953
0.00304579734802
0.00307512283325
0.00220489501953
0.0288550853729
0.00253105163574
0.00206995010376
0.00557112693787
0.00258088111877
0.00212001800537
0.00259613990784
0.0026159286499
0.00210905075073
0.00311613082886
0.00303816795349
0.002032995224
0.00397896766663
0.0213010311127
0.00289702415466
0.00382685661316
0.00282001495361
0.00258898735046
0.00306797027588
0.00329995155334
0.00242900848389
0.00267601013184
0.00281286239624
0.00229406356812
0.00260806083679
0.00276207923889
0.00244092941284
0.00331401824951
0.00260090827942
0.00245308876038
0.00425291061401
0.00260591506958
0.00242900848389
0.0052490234375
0.00249195098877
0.002357006073
0.00484895706177
0.00242590904236
0.00227618217468
0.0029399394989
0.00257396697998
0.00225305557251
0.00237488746643
0.00240206718445
0.00225710868835
0.00279211997986
0.00271201133728
0.00226283073425
0.00242900848389
0.00261688232422
0.00218296051025
0.00458192825317
0.00265789031982
0.00219416618347
0.0207359790802
0.00256085395813
0.00222897529602
0.00461483001709
0.0025589466095
0.00226378440857
0.00425601005554
0.00304913520813
0.00240707397461
0.00441408157349
0.00252890586853
0.00220990180969
0.00248408317566
0.00244402885437
0.00235104560852
0.00331211090088
0.0029571056366
0.00229120254517
0.00460505485535
0.00242519378662
0.00225591659546
0.00664305686951
0.00238299369812
0.00281620025635
0.00587892532349
0.00239610671997
0.00229501724243
0.00472712516785
0.00287008285522
0.00239682197571
0.00372004508972
0.00233697891235
0.002357006073
0.00325107574463
0.00233888626099
0.00253987312317
0.00321388244629
0.0022919178009
0.00273704528809
0.00894403457642
0.00246000289917
0.00218200683594
0.00237989425659
0.0027289390564
0.00225496292114
0.00351595878601
0.0026421546936
0.00224304199219
0.00531983375549
0.0026478767395
0.00226783752441
0.0064480304718
0.00264310836792
0.00353407859802
0.00479698181152
0.00270700454712
0.00212717056274
0.00557494163513
0.00250697135925
0.00210905075073
0.00563788414001
0.00276494026184
0.00259208679199
0.0048189163208
0.00257921218872
0.00216698646545
0.00405788421631
0.00261092185974
0.00212979316711
0.0043408870697
0.00317692756653
0.00213408470154
0.00496196746826
0.00253200531006
0.0021550655365
0.0051429271698
0.00246405601501
0.00215005874634
0.0178620815277
0.00301814079285
0.00216698646545
0.00432801246643
0.00236511230469
0.00216102600098
0.0054829120636
0.0027801990509
0.00214004516602
0.00485396385193
0.00253486633301
0.00207209587097
0.00427103042603
0.0025269985199
0.00209093093872
0.00308895111084
0.00233292579651
0.00222420692444
0.0022189617157
0.00259494781494
0.00231003761292
0.0042839050293
0.00256705284119
0.00274395942688
0.00383305549622
0.00235486030579
0.00220894813538
0.00497698783875
0.00337696075439
0.00248098373413
0.00319385528564
0.0026969909668
0.00237703323364
0.0181510448456
0.00266003608704
0.00234389305115
0.00565695762634
0.00291895866394
0.00300312042236
0.00399017333984
0.00269412994385
0.00292611122131
0.00456118583679
0.0029079914093
0.00255393981934
0.00481295585632
0.0025839805603
0.00225114822388
0.00495409965515
0.0025839805603
0.00229406356812
0.0159499645233
0.00312399864197
0.00230813026428
0.00313901901245
0.00240302085876
0.00230288505554
0.00557088851929
0.00236392021179
0.00233101844788
0.00507307052612
0.00233387947083
0.0023181438446
0.00709104537964
0.00283098220825
0.00227093696594
0.00404787063599
0.00229597091675
0.00232195854187
0.00364804267883
0.0836789608002
0.00305414199829
0.00485396385193
0.00284099578857
0.00244498252869
0.0179781913757
0.00277709960938
0.00231409072876
0.00449419021606
0.00277209281921
0.00238299369812
0.00393104553223
0.00257611274719
0.00310707092285
0.00434112548828
0.00262212753296
0.00289797782898
0.00228404998779
0.00271010398865
0.00224804878235
0.00239205360413
0.00278091430664
0.0021378993988
0.00367593765259
0.038064956665
0.002445936203
0.00385117530823
0.00256395339966
0.00248789787292
0.00451993942261
0.00259900093079
0.00273108482361
0.00481414794922
0.00248599052429
0.0022439956665
0.00333404541016
0.00257897377014
0.00229787826538
0.00232195854187
0.00254607200623
0.00234913825989
0.00429606437683
0.00248503684998
0.0022599697113
0.00678300857544
0.00257992744446
0.00209903717041
0.0231659412384
0.00255990028381
0.00215697288513
0.00233316421509
0.0024049282074
0.00220799446106
0.00407218933105
0.00262713432312
0.00217294692993
0.00468182563782
0.00381588935852
0.00218796730042
0.00354599952698
0.00261878967285
0.00213694572449
0.00329303741455
0.0039529800415
0.00250792503357
0.00643920898438
0.00267100334167
0.00239396095276
0.00338912010193
0.00275301933289
0.00234699249268
0.0047299861908
0.00267291069031
0.0023078918457
0.00499200820923
0.00275897979736
0.0022509098053
0.0236129760742
0.00328302383423
0.00232100486755
0.00325989723206
0.00279593467712
0.00220584869385
0.00437688827515
0.00270199775696
0.00224089622498
0.00493001937866
0.00269198417664
0.00224590301514
0.00498795509338
0.00272583961487
0.00218105316162
0.00523209571838
0.00365304946899
0.00213599205017
0.00557994842529
0.00310683250427
0.00210189819336
0.00407195091248
0.00316905975342
0.00237798690796
0.00322413444519
0.00303292274475
0.00232005119324
0.0023889541626
0.00300097465515
0.00239491462708
0.00338983535767
0.00257897377014
0.00239014625549
0.00617909431458
0.00260210037231
0.00243806838989
0.0426759719849
0.00274300575256
0.00239109992981
0.00460910797119
0.00271511077881
0.00245404243469
0.0055148601532
0.00274085998535
0.00239992141724
0.00546002388
0.00298810005188
0.00245904922485
0.00527191162109
0.00260710716248
0.00229716300964
0.0241980552673
0.00278902053833
0.00243496894836
0.00379920005798
0.00287294387817
0.00229001045227
0.00359702110291
0.00272488594055
0.00233697891235
0.00334906578064
0.00275897979736
0.00241112709045
0.00299715995789
0.00317907333374
0.0023341178894
0.00251317024231
0.00270104408264
0.00232219696045
0.00281095504761
0.00258588790894
0.00251793861389
0.00484395027161
0.00270104408264
0.00237488746643
0.00391292572021
0.0023980140686
0.00227499008179
0.00642395019531
0.00236701965332
0.00285696983337
0.00339698791504
0.00234293937683
0.0022599697113
0.0020809173584
0.00236296653748
0.00230312347412
0.0039210319519
0.00226593017578
0.00223302841187
0.0173540115356
0.00250220298767
0.00227212905884
0.00466799736023
0.00231003761292
0.0025839805603
0.0033860206604
0.0023410320282
0.00224208831787
0.00206685066223
0.00237584114075
0.00247287750244
0.00315690040588
0.00267386436462
0.00232100486755
0.00583100318909
0.00256109237671
0.00234317779541
0.00545811653137
0.00267791748047
0.00237607955933
0.00540804862976
0.00247097015381
0.00225615501404
0.00463604927063
0.00250506401062
0.00233387947083
0.00571584701538
0.00286602973938
0.00246715545654
0.00380206108093
0.00258708000183
0.00244092941284
0.00473713874817
0.00264716148376
0.00235605239868
0.00440096855164
0.00327897071838
0.00226306915283
0.0048360824585
0.00252318382263
0.00232696533203
0.00569295883179
0.00288701057434
0.00221514701843
0.0152781009674
0.00260615348816
0.0022439956665
0.00474715232849
0.00270700454712
0.00213694572449
0.00522708892822
0.00325489044189
0.00224184989929
0.00528883934021
0.00260591506958
0.00231599807739
0.0168299674988
0.00257205963135
0.00228500366211
0.00337696075439
0.020525932312
0.00238990783691
0.0205109119415
0.002601146698
0.00317192077637
0.00545001029968
0.00271391868591
0.00283885002136
0.00597095489502
0.0026330947876
0.00234007835388
0.00318384170532
0.00273180007935
0.00230503082275
0.00497198104858
0.00266098976135
0.0022759437561
0.00420188903809
0.0025110244751
0.00231909751892
0.00220799446106
0.00259494781494
0.0023078918457
0.00245594978333
0.0376300811768
0.00239300727844
0.00499105453491
0.00262808799744
0.00230193138123
0.00324487686157
0.00246000289917
0.00226402282715
0.00225281715393
0.00254988670349
0.00233697891235
0.00512909889221
0.00254511833191
0.0022611618042
0.0057270526886
0.00294208526611
0.00218319892883
0.00502300262451
0.003005027771
0.00220084190369
0.00512194633484
0.00233006477356
0.00212788581848
0.00542616844177
0.00228095054626
0.00210690498352
0.00416088104248
0.00235915184021
0.00224113464355
0.00319600105286
0.00239706039429
0.00221705436707
0.00341486930847
0.00238990783691
0.00215697288513
0.0182330608368
0.00248503684998
0.0022828578949
0.00609588623047
0.00269484519958
0.00236892700195
0.00562715530396
0.00261998176575
0.0022919178009
0.00390696525574
0.00250911712646
0.00311088562012
0.00345897674561
0.00273513793945
0.00230312347412
0.00544595718384
0.00253200531006
0.00223803520203
0.0059609413147
0.00253987312317
0.00227785110474
0.00423908233643
0.00255298614502
0.0022439956665
0.00409579277039
0.0024299621582
0.00269985198975
0.00396490097046
0.00236892700195
0.00231289863586
0.00453591346741
0.00230813026428
0.00306105613708
0.00481986999512
0.00291705131531
0.00240802764893
0.00662994384766
0.0025851726532
0.0022759437561
0.0174059867859
0.00271701812744
0.00235390663147
0.00536394119263
0.0031201839447
0.0022349357605
0.00621891021729
0.0026478767395
0.00234603881836
0.00511717796326
0.002601146698
0.00232195854187
0.00493288040161
0.00267195701599
0.00222277641296
0.00501108169556
0.00263214111328
0.00226497650146
0.00491094589233
0.00336098670959
0.00215196609497
0.00496006011963
0.00264000892639
0.00245809555054
0.0068838596344
0.00280594825745
0.00204920768738
0.00718092918396
0.00268411636353
0.00243306159973
0.00632905960083
0.00289106369019
0.00198721885681
0.0056791305542
0.00325608253479
0.00213408470154
0.00528907775879
0.00282979011536
0.00205397605896
0.017786026001
0.00264596939087
0.0020968914032
0.00327086448669
0.00269508361816
0.00229001045227
0.00385999679565
0.00297904014587
0.00234699249268
0.00272798538208
0.00348591804504
0.00265312194824
0.00330305099487
0.00393581390381
0.0021378993988
0.00255703926086
0.00271797180176
0.0022280216217
0.00287795066833
0.00313901901245
0.00220608711243
0.00354194641113
0.00271892547607
0.00220680236816
0.00304198265076
0.00261998176575
0.00213694572449
0.0140900611877
0.00356101989746
0.00233316421509
0.00694513320923
0.00370907783508
0.0353221893311
0.00282406806946
0.00324296951294
0.00234007835388
0.0046169757843
0.0025839805603
0.00228381156921
0.00403690338135
0.00320887565613
0.00232601165771
0.00502514839172
0.00280094146729
0.00220394134521
0.00454211235046
0.00278902053833
0.00220489501953
0.00585293769836
0.00261688232422
0.00217008590698
0.00644397735596
0.0025589466095
0.00214004516602
0.00528001785278
0.00261282920837
0.0021800994873
0.00473809242249
0.00327110290527
0.00227117538452
0.0045371055603
0.00249695777893
0.00219488143921
0.00663208961487
0.00249910354614
0.00231289863586
0.00510597229004
0.00232720375061
0.00231099128723
0.0520448684692
0.002760887146
0.00247097015381
0.00389409065247
0.00267100334167
0.00302600860596
0.00457811355591
0.00269412994385
0.0023090839386
0.00310897827148
0.00259208679199
0.00267910957336
0.00435495376587
0.0239329338074
0.00230193138123
0.0024528503418
0.00254201889038
0.0023181438446
0.00286197662354
0.0025851726532
0.00276613235474
0.00423407554626
0.0029890537262
0.00221490859985
0.00402998924255
0.00265002250671
0.00222706794739
0.00461292266846
0.00255918502808
0.00214600563049
0.00459218025208
0.00272011756897
0.00214695930481
0.0245010852814
0.00354313850403
0.00325608253479
0.00366687774658
0.00278687477112
0.00231289863586
0.00384306907654
0.00272607803345
0.00230002403259
0.00283694267273
0.00262808799744
0.00231099128723
0.0139520168304
0.00249886512756
0.00269293785095
0.00381207466125
0.00235819816589
0.00221300125122
0.00436401367188
0.00354695320129
0.00236701965332
0.00313806533813
0.00257086753845
0.00236582756042
0.0137860774994
0.00247406959534
0.00243782997131
0.00402879714966
0.002690076828
0.00226306915283
0.00279092788696
0.00262880325317
0.002357006073
0.0025749206543
0.00305104255676
0.00233912467957
0.00480103492737
0.0025098323822
0.00235795974731
0.0035719871521
0.0025360584259
0.0022439956665
0.00306510925293
0.00252223014832
0.00248312950134
0.00504398345947
0.00292897224426
0.00221300125122
0.00429201126099
0.00262594223022
0.00288200378418
0.0176129341125
0.00256109237671
0.00226187705994
0.00549793243408
0.0027129650116
0.0022931098938
0.00628209114075
0.0025429725647
0.00221705436707
0.00515604019165
0.00257897377014
0.00237703323364
0.00409698486328
0.00269293785095
0.00231409072876
0.00563478469849
0.00265192985535
0.00236892700195
0.00615501403809
0.00263500213623
0.00223994255066
0.00482583045959
0.00255703926086
0.00233602523804
0.00318908691406
0.00248408317566
0.00233817100525
0.00311994552612
0.0025110244751
0.00219202041626
0.00695514678955
0.00251412391663
0.00222611427307
0.00590014457703
0.00261902809143
0.00204706192017
0.00495886802673
0.00265884399414
0.00202894210815
0.00582599639893
0.00262308120728
0.00205707550049
0.00433993339539
0.00261402130127
0.00213980674744
0.00563788414001
0.00311803817749
0.00208497047424
0.0413410663605
0.0230121612549
0.002357006073
0.0336940288544
0.00262594223022
0.00235295295715
0.00397992134094
0.00254917144775
0.00240588188171
0.00444602966309
0.00252199172974
0.00232791900635
0.00517392158508
0.00254893302917
0.00280618667603
0.00333905220032
0.00399494171143
0.00254797935486
0.00305891036987
0.00267004966736
0.00245594978333
0.00324106216431
0.00268507003784
0.00259208679199
0.00308299064636
0.00273108482361
0.00257396697998
0.00248003005981
0.00260400772095
0.00275492668152
0.00358891487122
0.0682728290558
0.0023820400238
0.00543093681335
0.00311899185181
0.00234198570251
0.00434303283691
0.0033118724823
0.00229406356812
0.00453495979309
0.00257301330566
0.00238704681396
0.00456380844116
0.00251293182373
0.00213479995728
0.0283598899841
0.00271987915039
0.00245904922485
0.00274109840393
0.0030779838562
0.00223588943481
0.00326895713806
0.00288105010986
0.00218892097473
0.00335693359375
0.0025429725647
0.00216817855835
0.00225305557251
0.00258708000183
0.0022439956665
0.00295209884644
0.00304794311523
0.0021059513092
0.00297689437866
0.00255799293518
0.00209188461304
0.00294089317322
0.0023558139801
0.00211191177368
0.00297904014587
0.00247812271118
0.00221991539001
0.00466585159302
0.00242185592651
0.0022668838501
0.00584506988525
0.00286793708801
0.00231289863586
0.00407099723816
0.00237011909485
0.00225901603699
0.0042610168457
0.00233602523804
0.00224900245667
0.00448393821716
0.00236201286316
0.0022439956665
0.00402998924255
0.0022988319397
0.00271987915039
0.00273203849792
0.00322413444519
0.00223398208618
0.00255703926086
0.00241208076477
0.00220894813538
0.0157859325409
0.00228190422058
0.00213289260864
0.00277209281921
0.00218796730042
0.0022439956665
0.00348901748657
0.00266909599304
0.00207018852234
0.00247406959534
0.00275492668152
0.00204205513
0.00429105758667
0.00272607803345
0.00212597846985
0.00294995307922
0.00264000892639
0.00301909446716
0.0040590763092
0.00338292121887
0.00232100486755
0.00362491607666
0.00264000892639
0.00228500366211
0.00242209434509
0.00270104408264
0.0022931098938
0.0158538818359
0.0027289390564
0.00228905677795
0.00437188148499
0.0027928352356
0.00223088264465
0.00267386436462
0.00267195701599
0.00218796730042
0.00262999534607
0.00257396697998
0.00250101089478
0.0151798725128
0.00327301025391
0.0022120475769
0.00290083885193
0.00308394432068
0.00223588943481
0.00249719619751
0.00268793106079
0.00229001045227
0.00446915626526
0.00332307815552
0.0022451877594
0.0159270763397
0.00275802612305
0.00222396850586
0.00309610366821
0.00254607200623
0.00236511230469
0.00416302680969
0.00284886360168
0.00283980369568
0.0032958984375
0.00279092788696
0.00225687026978
0.00619697570801
0.00275301933289
0.00222611427307
0.00380802154541
0.00271391868591
0.00233888626099
0.00332999229431
0.00271105766296
0.00227499008179
0.0022189617157
0.00255489349365
0.00267887115479
0.00337386131287
0.00264286994934
0.00225806236267
0.00362992286682
0.00259399414062
0.00223994255066
0.0150010585785
0.00265002250671
0.0022599697113
0.00221800804138
0.00236201286316
0.0022759437561
0.00415301322937
0.00242900848389
0.00223398208618
0.00515294075012
0.0024311542511
0.0023090839386
0.00594902038574
0.00275206565857
0.00224995613098
0.00291800498962
0.00237798690796
0.00237083435059
0.00274896621704
0.00248599052429
0.00230288505554
0.0152060985565
0.00266003608704
0.00219893455505
0.00310492515564
0.00282001495361
0.00235915184021
0.00410294532776
0.00271201133728
0.00233697891235
0.00347590446472
0.0341899394989
0.00248718261719
0.00324201583862
0.00278401374817
0.00235605239868
0.00240612030029
0.00262904167175
0.00222206115723
0.00301694869995
0.00308799743652
0.00225210189819
0.00267004966736
0.00330281257629
0.00230693817139
0.00419688224792
0.00269103050232
0.00224113464355
0.00543403625488
0.00318217277527
0.00221514701843
0.00478506088257
0.00267100334167
0.0021641254425
0.00475001335144
0.00293707847595
0.00259590148926
0.00984978675842
0.00251293182373
0.00213694572449
0.00415587425232
0.00248599052429
0.00214290618896
0.00676298141479
0.00255012512207
0.00212001800537
0.0040078163147
0.00250911712646
0.00199913978577
0.00558304786682
0.0025041103363
0.0023090839386
0.00735020637512
0.00313806533813
0.00243091583252
0.00374698638916
0.00262117385864
0.00240588188171
0.00554800033569
0.0026330947876
0.00234603881836
0.0040488243103
0.00305104255676
0.00231909751892
0.00523400306702
0.0954878330231
0.00231003761292
0.00649404525757
0.00277709960938
0.00232720375061
0.00254106521606
0.00257205963135
0.0022599697113
0.00330305099487
0.00233316421509
0.00232100486755
0.0169098377228
0.00257396697998
0.00234818458557
0.00501203536987
0.00326585769653
0.00235080718994
0.00688791275024
0.00252318382263
0.00221705436707
0.00501298904419
0.00243306159973
0.0022029876709
0.00492691993713
0.00244283676147
0.00239610671997
0.00604104995728
0.00293898582458
0.00234985351562
0.00375890731812
0.00243997573853
0.00226902961731
0.00318098068237
0.00258111953735
0.00292611122131
0.0033118724823
0.0025999546051
0.00221300125122
0.0209219455719
0.00268292427063
0.00213503837585
0.00271987915039
0.00272393226624
0.00248098373413
0.00338006019592
0.00270414352417
0.00238919258118
0.00242495536804
0.00280785560608
0.00269293785095
0.00315093994141
0.00268411636353
0.00221610069275
0.00459408760071
0.00267100334167
0.00213098526001
0.00401020050049
0.00276494026184
0.00220608711243
0.0042941570282
0.00327014923096
0.00224208831787
0.00388288497925
0.00256085395813
0.00215697288513
0.00303292274475
0.00254821777344
0.00210499763489
0.00356817245483
0.00243401527405
0.00213193893433
0.00477981567383
0.00255608558655
0.00206708908081
0.00493097305298
0.00241303443909
0.00205421447754
0.0147681236267
0.00244498252869
0.00204586982727
0.00580501556396
0.0035412311554
0.00220704078674
0.0045428276062
0.00250101089478
0.00225806236267
0.00458192825317
0.00238394737244
0.00237703323364
0.00627088546753
0.00247693061829
0.00227499008179
0.00469207763672
0.00314807891846
0.00278401374817
0.00388407707214
0.00321316719055
0.00276899337769
0.00353288650513
0.00266003608704
0.0028989315033
0.0030689239502
0.00247502326965
0.00218200683594
0.0388650894165
0.00311708450317
0.00240683555603
0.00270104408264
0.00255799293518
0.00243902206421
0.00322008132935
0.00292706489563
0.00282907485962
0.00244998931885
0.00296401977539
0.00221705436707
0.0160391330719
0.00265097618103
0.00216293334961
0.00359201431274
0.00275301933289
0.00215482711792
0.00454592704773
0.00243592262268
0.00234699249268
0.00359296798706
0.00253319740295
0.00239992141724
0.0143418312073
0.00275588035583
0.00241613388062
0.0023889541626
0.00245308876038
0.00217700004578
0.00481605529785
0.0026478767395
0.00220084190369
0.00505900382996
0.00264310836792
0.00222682952881
0.00449800491333
0.0136141777039
0.00215911865234
0.00365114212036
0.00279688835144
0.00206804275513
0.00261807441711
0.00258207321167
0.00208520889282
0.0134620666504
0.00360417366028
0.00212621688843
0.00491499900818
0.00263690948486
0.00210499763489
0.00377893447876
0.00309681892395
0.00239205360413
0.00334715843201
0.00308918952942
0.00246095657349
0.00341796875
0.00247812271118
0.00236511230469
0.00362706184387
0.00293517112732
0.00224900245667
0.00392198562622
0.0025839805603
0.00238800048828
0.0036289691925
0.00297999382019
0.00230383872986
0.0048668384552
0.00263905525208
0.00292301177979
0.0299580097198
0.00275802612305
0.00227499008179
0.00597500801086
0.00270795822144
0.00223016738892
0.00586104393005
0.00327181816101
0.0022439956665
0.00508904457092
0.00286483764648
0.0021870136261
0.0062940120697
0.00313186645508
0.00253319740295
0.00563406944275
0.00314402580261
0.00219488143921
0.0040979385376
0.00289511680603
0.00211000442505
0.00437688827515
0.00283098220825
0.00205898284912
0.00290107727051
0.00249600410461
0.0020899772644
0.00402498245239
0.0024778842926
0.00287079811096
0.00431990623474
0.00249695777893
0.00187587738037
0.0181469917297
0.00255918502808
0.00186896324158
0.00371599197388
0.00237703323364
0.0019748210907
0.00434899330139
0.00307297706604
0.00186705589294
0.00471115112305
0.00224709510803
0.00184416770935
0.00483393669128
0.00297403335571
0.00197911262512
0.00450897216797
0.002445936203
0.00183010101318
0.00436520576477
0.00249910354614
0.00335192680359
0.00207805633545
0.00341701507568
0.00243616104126
0.00284504890442
0.00269079208374
0.00227904319763
0.00238800048828
0.034255027771
0.00277209281921
0.00609517097473
0.00272107124329
0.00257802009583
0.0568289756775
0.00292706489563
0.00243306159973
0.00441789627075
0.00266003608704
0.00239586830139
0.0056209564209
0.00271892547607
0.00229287147522
0.00513482093811
0.00266194343567
0.00274801254272
0.00550413131714
0.002445936203
0.00220704078674
0.00504612922668
0.00260591506958
0.00220799446106
0.00480198860168
0.00239205360413
0.00231099128723
0.00414085388184
0.00339007377625
0.00231909751892
0.003662109375
0.00284099578857
0.00221180915833
0.00338101387024
0.00387287139893
0.00236105918884
0.00347495079041
0.00252103805542
0.00223803520203
0.00358700752258
0.00253891944885
0.00211977958679
0.00397109985352
0.00255608558655
0.00211715698242
0.00902700424194
0.00242590904236
0.00229907035828
0.00350785255432
0.00248289108276
0.0021960735321
0.00227904319763
0.00254201889038
0.00222015380859
0.00247406959534
0.00251817703247
0.00224709510803
0.00489401817322
0.00301909446716
0.00236201286316
0.00488495826721
0.00242710113525
0.00238394737244
0.00418710708618
0.00276708602905
0.00239896774292
0.00435996055603
0.00227499008179
0.00216102600098
0.00484108924866
0.00222611427307
0.00215005874634
0.00251388549805
0.00237011909485
0.00206398963928
0.0351510047913
0.00276684761047
0.00282692909241
0.00476002693176
0.00269293785095
0.00299906730652
0.00231909751892
0.00266408920288
0.0022611618042
0.0028190612793
0.00307083129883
0.00225210189819
0.00397992134094
0.00325107574463
0.0022439956665
0.00321197509766
0.00258898735046
0.00220012664795
0.00491786003113
0.0031270980835
0.00258207321167
0.00452613830566
0.00268507003784
0.0020809173584
0.00345993041992
0.00246214866638
0.00202989578247
0.0154769420624
0.00261902809143
0.00202798843384
0.00224709510803
0.00249695777893
0.00200295448303
0.00454807281494
0.00329804420471
0.0020170211792
0.00359010696411
0.00282120704651
0.00207495689392
0.00269985198975
0.00253701210022
0.00197196006775
0.00252294540405
0.00237011909485
0.0030460357666
0.00337791442871
0.00338196754456
0.0023558139801
0.0038149356842
0.00254487991333
0.00241088867188
0.00449085235596
0.00313687324524
0.00232911109924
0.00623297691345
0.133584976196
0.00247502326965
0.00582885742188
0.0034658908844
0.0023558139801
0.00381302833557
0.00254821777344
0.00208497047424
0.00966596603394
0.00273513793945
0.00225400924683
0.00308203697205
0.00333905220032
0.00215101242065
0.00408101081848
0.00324487686157
0.00215005874634
0.00468492507935
0.00249886512756
0.00217509269714
0.00442504882812
0.00244903564453
0.00227308273315
0.0026228427887
0.00335288047791
0.00219988822937
0.0021059513092
0.00337791442871
0.00228500366211
0.00326704978943
0.0023410320282
0.00217413902283
0.012353181839
0.00239086151123
0.00225687026978
0.00376200675964
0.00239515304565
0.00226998329163
0.00560688972473
0.00256490707397
0.00260806083679
0.00446200370789
0.00265407562256
0.00225687026978
0.0113022327423
0.00259804725647
0.00223016738892
0.00280809402466
0.00253701210022
0.00228786468506
0.00355792045593
0.00236201286316
0.00218605995178
0.00392389297485
0.00243306159973
0.00212407112122
0.00573706626892
0.0025269985199
0.00214695930481
0.00502109527588
0.00241708755493
0.00205206871033
0.0171799659729
0.00284194946289
0.00200891494751
0.00357985496521
0.00261497497559
0.00217986106873
0.00349283218384
0.00304508209229
0.00215911865234
0.00423288345337
0.00297904014587
0.00239896774292
0.00228095054626
0.00331497192383
0.00229096412659
0.00237107276917
0.00259590148926
0.00220918655396
0.00363492965698
0.00235891342163
0.00216507911682
0.00296401977539
0.00239610671997
0.00214719772339
0.00558590888977
0.00292491912842
0.00228595733643
0.00460815429688
0.0027871131897
0.00411510467529
0.00227904319763
0.0394110679626
0.002366065979
0.0044059753418
0.00365614891052
0.00227808952332
0.0425770282745
0.00282692909241
0.00244092941284
0.00253009796143
0.00266599655151
0.00225901603699
0.0036780834198
0.00267815589905
0.00292205810547
0.002934217453
0.00273108482361
0.00222897529602
0.00317692756653
0.0026478767395
0.00221610069275
0.00234007835388
0.00272393226624
0.00223612785339
0.00234317779541
0.00274395942688
0.0020649433136
0.00259590148926
0.002610206604
0.00211310386658
0.00580096244812
0.00274586677551
0.00216794013977
0.00270390510559
0.00248217582703
0.00208497047424
0.00647783279419
0.00244188308716
0.00216698646545
0.00351905822754
0.00240302085876
0.0022759437561
0.00285220146179
0.00240898132324
0.00230622291565
0.00442504882812
0.00283002853394
0.00221180915833
0.00257396697998
0.0024471282959
0.00219798088074
0.00315999984741
0.00229907035828
0.00214195251465
0.0279939174652
0.00399589538574
0.00224208831787
0.0044641494751
0.00337409973145
0.00229287147522
0.00341701507568
0.00337505340576
0.0023398399353
0.00527000427246
0.0184700489044
0.00231909751892
0.00577092170715
0.0028760433197
0.00227808952332
0.00583600997925
0.00272297859192
0.00238513946533
0.00580811500549
0.00249004364014
0.00238180160522
0.00578904151917
0.00295996665955
0.00288486480713
0.00455594062805
0.0027871131897
0.00226902961731
0.00267887115479
0.00268387794495
0.00225901603699
0.00347805023193
0.00247812271118
0.00231599807739
0.00323796272278
0.00243711471558
0.00220704078674
0.00317192077637
0.0023889541626
0.00213289260864
0.00277590751648
0.00242805480957
0.00227904319763
0.0167489051819
0.00255084037781
0.00234293937683
0.0048680305481
0.00269198417664
0.00233602523804
0.00245308876038
0.00260400772095
0.00230503082275
0.0033221244812
0.00296211242676
0.00224709510803
0.00557899475098
0.00269985198975
0.00221490859985
0.00527000427246
0.0025851726532
0.0021870136261
0.00670003890991
0.00302505493164
0.00216698646545
0.00381994247437
0.00253796577454
0.00211405754089
0.00232100486755
0.00275993347168
0.00211095809937
0.00418996810913
0.00242209434509
0.00210213661194
0.00327301025391
0.0023238658905
0.00200891494751
0.00504994392395
0.00271606445312
0.00206089019775
0.00637817382812
0.00260400772095
0.00233292579651
0.00240397453308
0.00260806083679
0.0022177696228
0.00321793556213
0.00252604484558
0.00265288352966
0.002445936203
0.00248789787292
0.00214385986328
0.00405287742615
0.00240397453308
0.0020740032196
0.0215759277344
0.00247693061829
0.0021231174469
0.00365996360779
0.00230503082275
0.00213098526001
0.00324702262878
0.00256609916687
0.00254917144775
0.00243592262268
0.00280404090881
0.00202012062073
0.00549602508545
0.00254392623901
0.00202393531799
0.00597310066223
0.00255393981934
0.0020067691803
0.00454092025757
0.00244879722595
0.00222492218018
0.0021538734436
0.00250101089478
0.00220704078674
0.00517988204956
0.00246596336365
0.00216317176819
0.00549006462097
0.00241613388062
0.00221514701843
0.00510215759277
0.0023410320282
0.00219297409058
0.00532913208008
0.00235199928284
0.0021378993988
0.00507593154907
0.00278210639954
0.00221610069275
0.00412821769714
0.00301194190979
0.00228595733643
0.00359010696411
0.00245308876038
0.00226902961731
0.0165410041809
0.00230193138123
0.00238299369812
0.00585603713989
0.00223588943481
0.00235199928284
0.0064811706543
0.00223207473755
0.0021641254425
0.00621104240417
0.00287199020386
0.00232315063477
0.00452709197998
0.00232195854187
0.00225186347961
0.00916695594788
0.00230479240417
0.00221395492554
0.00519800186157
0.00268006324768
0.00224494934082
0.00350213050842
0.00274586677551
0.00229501724243
0.0151438713074
0.00276589393616
0.00293684005737
0.00306987762451
0.00268721580505
0.00225496292114
0.00294709205627
0.00257992744446
0.00225496292114
0.00507998466492
0.00242209434509
0.00230693817139
0.0037088394165
0.0204229354858
0.00274586677551
0.00275588035583
0.00247693061829
0.00226783752441
0.00287699699402
0.00260496139526
0.00238609313965
0.00261402130127
0.00270891189575
0.00234198570251
0.00385403633118
0.00260591506958
0.0022988319397
0.00487995147705
0.00253295898438
0.00237202644348
0.0230748653412
0.00291800498962
0.00225210189819
0.0048189163208
0.0210390090942
0.00225782394409
0.00301289558411
0.00256299972534
0.00219297409058
0.00250005722046
0.00237512588501
0.00228214263916
0.00441098213196
0.00247311592102
0.00231504440308
0.00542283058167
0.00265407562256
0.00222206115723
0.00577902793884
0.00382304191589
0.00230193138123
0.00531888008118
0.00273299217224
0.00224709510803
0.00624203681946
0.0027928352356
0.00221705436707
0.00423693656921
0.00259590148926
0.00214409828186
0.00549006462097
0.00244808197021
0.00220918655396
0.00515198707581
0.00253820419312
0.00282692909241
0.00314402580261
0.00320601463318
0.00235509872437
0.00382494926453
0.00239109992981
0.00217199325562
0.0274860858917
0.00273084640503
0.00225186347961
0.00263094902039
0.00275278091431
0.00229501724243
0.0024299621582
0.00273299217224
0.00274276733398
0.00481390953064
0.00273585319519
0.00222206115723
0.00453901290894
0.0026228427887
0.00210285186768
0.00432801246643
0.0025532245636
0.00223207473755
0.00216698646545
0.00274300575256
0.00244498252869
0.00356101989746
0.00250887870789
0.00385689735413
0.00282192230225
0.00261497497559
0.00267195701599
0.00317692756653
0.00301194190979
0.00214004516602
0.00423192977905
0.00249004364014
0.00210881233215
0.00518894195557
0.00234293937683
0.00216317176819
0.00500202178955
0.00241208076477
0.00221920013428
0.00211095809937
0.00290393829346
0.00242805480957
0.00213098526001
0.00234794616699
0.00229001045227
0.00505113601685
0.002366065979
0.0021800994873
0.00446486473083
0.00238299369812
0.00212216377258
0.00210094451904
0.00324702262878
0.00207614898682
0.00410890579224
0.00314807891846
0.00220394134521
0.00561785697937
0.00298690795898
0.00193095207214
0.023647069931
0.00273418426514
0.00203895568848
0.00247693061829
0.00274085998535
0.00292587280273
0.0023889541626
0.00263595581055
0.0023148059845
0.00300002098083
0.00270009040833
0.00290012359619
0.00306510925293
0.00264501571655
0.00221490859985
0.00477385520935
0.00242900848389
0.00204992294312
0.00562000274658
0.00288414955139
0.00207996368408
0.00314998626709
0.00248980522156
0.00210499763489
0.0022189617157
0.00225186347961
0.00307893753052
0.00279021263123
0.00233697891235
0.00221490859985
0.00319886207581
0.00238108634949
0.00210499763489
0.0046660900116
0.00278902053833
0.00205397605896
0.00516319274902
0.00239109992981
0.00223803520203
0.0819351673126
0.00281691551208
0.00232100486755
0.00598406791687
0.00296020507812
0.0032160282135
0.00594115257263
0.00286316871643
0.00211191177368
0.00508403778076
0.00272917747498
0.00214505195618
0.00322508811951
0.00259304046631
0.00222086906433
0.00236701965332
0.00272703170776
0.00232696533203
0.00392603874207
0.00299000740051
0.00209498405457
0.00522994995117
0.0025589466095
0.00214004516602
0.00380682945251
0.00271487236023
0.00204205513
0.0134198665619
0.00277400016785
0.00207996368408
0.00354695320129
0.00337600708008
0.0020489692688
0.00360894203186
0.00272822380066
0.0028760433197
0.00452780723572
0.0438730716705
0.0025908946991
0.00322008132935
0.00288605690002
0.00230598449707
0.00292992591858
0.00286602973938
0.00214600563049
0.00286102294922
0.00262999534607
0.00214004516602
0.0132348537445
0.00282883644104
0.00458192825317
0.0035228729248
0.00278782844543
0.00212812423706
0.00252103805542
0.0027859210968
0.00211715698242
0.00471210479736
0.00260901451111
0.00216722488403
0.00438094139099
0.00259304046631
0.00219297409058
0.00688600540161
0.0025429725647
0.00215291976929
0.00687122344971
0.00266695022583
0.00209093093872
0.00557112693787
0.00308799743652
0.00207996368408
0.0045690536499
0.00276184082031
0.00260710716248
0.00370907783508
0.00257611274719
0.00227308273315
0.00478315353394
0.00291609764099
0.00224208831787
0.00274395942688
0.00308704376221
0.00223398208618
0.00314712524414
0.00265908241272
0.00228118896484
0.0168340206146
0.00250792503357
0.00227117538452
0.0034511089325
0.00246214866638
0.00226998329163
0.00390386581421
0.00292277336121
0.00233507156372
0.00490808486938
0.035847902298
0.00234293937683
0.00458407402039
0.00271201133728
0.00231099128723
0.00611615180969
0.00270915031433
0.00276899337769
0.00536394119263
0.00251412391663
0.00218510627747
0.00289797782898
0.00249886512756
0.00221395492554
0.00239300727844
0.00358390808105
0.00232696533203
0.00445604324341
0.00240993499756
0.00212478637695
0.00458097457886
0.00247120857239
0.00224208831787
0.00481295585632
0.00257110595703
0.00224208831787
0.00671792030334
0.00239706039429
0.00223898887634
0.00616884231567
0.00272297859192
0.0023250579834
0.0763409137726
0.00284886360168
0.00244879722595
0.0060088634491
0.00255703926086
0.00217390060425
0.00609588623047
0.00262403488159
0.00233387947083
0.00530481338501
0.00260996818542
0.00232410430908
0.00396513938904
0.00254702568054
0.00230693817139
0.00411009788513
0.00327801704407
0.00218796730042
0.00493311882019
0.00254416465759
0.00218892097473
0.00288391113281
0.00260996818542
0.00225114822388
0.00225400924683
0.00251793861389
0.00227880477905
0.00449109077454
0.00250387191772
0.00237202644348
0.0062301158905
0.00239706039429
0.00227117538452
0.00990295410156
0.00330591201782
0.00265502929688
0.00452709197998
0.00257897377014
0.00226306915283
0.0038058757782
0.00248289108276
0.00223684310913
0.00394701957703
0.00239205360413
0.00227403640747
0.00220394134521
0.00246691703796
0.00231909751892
0.00315189361572
0.00295805931091
0.00225400924683
0.00480198860168
0.00263404846191
0.00230407714844
0.00411415100098
0.00267505645752
0.00222611427307
0.00420093536377
0.00271797180176
0.00220799446106
0.0076789855957
0.003751039505
0.00252985954285
0.00302386283875
0.00338697433472
0.00238680839539
0.00398588180542
0.0622110366821
0.00219011306763
0.0038959980011
0.00281596183777
0.00294089317322
0.0024938583374
0.00295400619507
0.00285196304321
0.0025589466095
0.003173828125
0.00276899337769
0.0036461353302
0.00272512435913
0.00230598449707
0.0199089050293
0.00287580490112
0.0022509098053
0.00461792945862
0.0024847984314
0.00247502326965
0.00380611419678
0.00291705131531
0.00220799446106
0.00235891342163
0.00291109085083
0.00228905677795
0.00315499305725
0.00301814079285
0.00231504440308
0.00448894500732
0.0025680065155
0.00229287147522
0.00309300422668
0.00252509117126
0.00230097770691
0.00231790542603
0.00240397453308
0.00220322608948
0.00568604469299
0.00244903564453
0.002769947052
0.00542616844177
0.00257897377014
0.00291299819946
0.00443911552429
0.00256204605103
0.00286507606506
0.00318217277527
0.0022931098938
0.0138309001923
0.00267601013184
0.00239014625549
0.00350594520569
0.00248503684998
0.002366065979
0.00563311576843
0.00241088867188
0.00248312950134
0.0554020404816
0.00259399414062
0.00241112709045
0.00460314750671
0.00283789634705
0.00256395339966
0.00608992576599
0.00279116630554
0.00232911109924
0.00480818748474
0.00302815437317
0.00292205810547
0.00479292869568
0.0042130947113
0.0024528503418
0.00524210929871
0.00339698791504
0.00222396850586
0.002681016922
0.00494503974915
0.00233197212219
0.0193860530853
0.0028350353241
0.00250196456909
0.00463604927063
0.00327897071838
0.0213749408722
0.00296497344971
0.00557708740234
0.00253701210022
0.00277781486511
0.00628590583801
0.00235199928284
0.00280594825745
0.00382208824158
0.00221109390259
0.00276613235474
0.00486898422241
0.00220894813538
0.00281405448914
0.0062210559845
0.00232911109924
0.00279712677002
0.00480794906616
0.00210285186768
0.00273609161377
0.00636196136475
0.00224804878235
0.00263905525208
0.00563597679138
0.00288605690002
0.00279116630554
0.0270040035248
0.0026650428772
0.00256586074829
0.00231695175171
0.00236701965332
0.00322294235229
0.00245308876038
0.00251889228821
0.00324106216431
0.00265502929688
0.00250196456909
0.00262498855591
0.00350713729858
0.00224900245667
0.00304293632507
0.00388193130493
0.00224304199219
0.00265502929688
0.00448513031006
0.00228595733643
0.00318002700806
0.00452613830566
0.00220894813538
0.00267887115479
0.00420594215393
0.00214219093323
0.00301909446716
0.00423502922058
0.00216579437256
0.0026330947876
0.00524306297302
0.002032995224
0.00260496139526
0.003093957901
0.00196003913879
0.00255608558655
0.00402688980103
0.00193309783936
0.00258612632751
0.0041880607605
0.00201296806335
0.00248503684998
0.00415992736816
0.00201416015625
0.00257015228271
0.0174269676208
0.00198984146118
0.00258588790894
0.00533390045166
0.00201821327209
0.00267004966736
0.00359606742859
0.00249409675598
0.00456500053406
0.00568509101868
0.00255298614502
0.00269985198975
0.00495791435242
0.00230693817139
0.00259399414062
0.00568699836731
0.00213193893433
0.00257420539856
0.00640797615051
0.00209403038025
0.00246000289917
0.00615787506104
0.00258016586304
0.0030300617218
0.00465202331543
0.00212788581848
0.00250315666199
0.00536799430847
0.00196695327759
0.00257802009583
0.00231099128723
0.00197196006775
0.00255107879639
0.0670690536499
0.00255584716797
0.0247099399567
0.00306582450867
0.00259494781494
0.00329399108887
0.0243480205536
0.00257396697998
0.00330805778503
0.00402808189392
0.0023238658905
0.00282382965088
0.00472092628479
0.0022349357605
0.00272107124329
0.00209283828735
0.00203204154968
0.0026741027832
0.00422120094299
0.0021710395813
0.00258302688599
0.00575280189514
0.00250506401062
0.00274896621704
0.00627994537354
0.00224900245667
0.00253987312317
0.00598788261414
0.00224208831787
0.00255084037781
0.00342202186584
0.00232315063477
0.00242114067078
0.00229406356812
