0.00218296051025
0.00328588485718
0.00305604934692
0.00231409072876
0.00296592712402
0.00307202339172
0.0022120475769
0.00336909294128
0.00308585166931
0.00233817100525
0.00330519676208
0.00353312492371
0.00222587585449
0.00331211090088
0.00314211845398
0.00215888023376
0.00325489044189
0.00312805175781
0.00219106674194
0.0032970905304
0.00322699546814
0.00213193893433
0.00318288803101
0.00254201889038
0.00219702720642
0.00363683700562
0.00310516357422
0.00228214263916
0.00338292121887
0.00321888923645
0.00231099128723
0.00318884849548
0.00329899787903
0.00216197967529
0.00316882133484
0.00309109687805
0.00242495536804
0.00319600105286
0.00310683250427
0.00232601165771
0.00362801551819
0.0032811164856
0.00225806236267
0.00317287445068
0.00320410728455
0.00233316421509
0.00326585769653
0.00318813323975
0.00235295295715
0.00321412086487
0.00254702568054
0.00215697288513
0.00310611724854
0.00308299064636
0.00282096862793
0.00312995910645
0.00325989723206
0.00228190422058
0.00317001342773
0.00319910049438
0.00225806236267
0.00319385528564
0.00351715087891
0.00217580795288
0.00320911407471
0.00319194793701
0.00215697288513
0.00322008132935
0.00322699546814
0.00270199775696
0.00319910049438
0.00303506851196
0.00226807594299
0.00330996513367
0.00244808197021
0.00217890739441
0.003093957901
0.0032958984375
0.00221800804138
0.00315999984741
0.00308990478516
0.0023398399353
0.00322604179382
0.00423502922058
0.00234317779541
0.00318002700806
0.00307512283325
0.00223302841187
0.00323796272278
0.00308609008789
0.00214195251465
0.00307321548462
0.00290584564209
0.00220513343811
0.00381302833557
0.0032000541687
0.00234794616699
0.00313997268677
0.00314092636108
0.00219893455505
0.0035707950592
0.00310206413269
0.00220489501953
0.00312399864197
0.00308108329773
0.00227999687195
0.00305318832397
0.00313496589661
0.00223302841187
0.00322389602661
0.00300097465515
0.00212097167969
0.00302791595459
0.00305104255676
0.00220394134521
0.00366401672363
0.00295615196228
0.00225901603699
0.00306296348572
0.00308108329773
0.00215697288513
0.0031111240387
0.00311684608459
0.00227999687195
0.00328993797302
0.00315403938293
0.0022349357605
0.00327301025391
0.00314998626709
0.00217509269714
0.00304412841797
0.00356984138489
0.00214791297913
0.00311613082886
0.00298881530762
0.00206613540649
0.00323104858398
0.0028920173645
0.00201892852783
0.00314593315125
0.0030529499054
0.00203609466553
0.0031578540802
0.00286412239075
0.00199699401855
0.00295901298523
0.00288391113281
0.00259804725647
0.0032160282135
0.00325512886047
0.00230288505554
0.00311398506165
0.00327205657959
0.00224208831787
0.00311183929443
0.00311708450317
0.00226402282715
0.00311398506165
0.00310301780701
0.00222206115723
0.00294709205627
0.00316190719604
0.00273394584656
0.00296306610107
0.00307106971741
0.00225687026978
0.00337791442871
0.0034031867981
0.00228404998779
0.00321698188782
0.00307202339172
0.00231385231018
0.00322699546814
0.00256896018982
0.0021378993988
0.00311803817749
0.00335693359375
0.00220799446106
0.00363302230835
0.00362205505371
0.00229620933533
0.0030791759491
0.00325202941895
0.0022931098938
0.00310301780701
0.0025429725647
0.00233888626099
0.00319314002991
0.00319719314575
0.00241303443909
0.00310492515564
0.00319194793701
0.00232911109924
0.00306606292725
0.00389504432678
0.00244808197021
0.00324392318726
0.00307297706604
0.00242209434509
0.00295114517212
0.00314211845398
0.00243091583252
0.00290608406067
0.00294494628906
0.0024471282959
0.0028989315033
0.00305390357971
0.00238394737244
0.00282001495361
0.00358080863953
0.00235414505005
0.00284314155579
0.00294399261475
0.00229716300964
0.00288319587708
0.00294303894043
0.00245809555054
0.00285983085632
0.00248193740845
0.00231003761292
0.00300288200378
0.00287890434265
0.00234603881836
0.00292706489563
0.0030460357666
0.00272011756897
0.00304698944092
0.0025041103363
0.00219702720642
0.00313091278076
0.00292205810547
0.00227284431458
0.00349497795105
0.00303792953491
0.00232601165771
0.00332498550415
0.00299596786499
0.00208497047424
0.00292611122131
0.00311398506165
0.00236487388611
0.00384306907654
0.00296020507812
0.00215411186218
0.00320482254028
0.00290203094482
0.00225591659546
0.00311994552612
0.00244402885437
0.00223112106323
0.0032000541687
0.00356507301331
0.0024950504303
0.0032320022583
0.00372099876404
0.00264286994934
0.00363993644714
0.0032320022583
0.00250887870789
0.0032069683075
0.00342297554016
0.00242590904236
0.00319910049438
0.00327277183533
0.00248599052429
0.00317192077637
0.00340414047241
0.0023980140686
0.00306606292725
0.00413584709167
0.00242900848389
0.00452303886414
0.00342893600464
0.00248193740845
0.0031259059906
0.00330209732056
0.0023820400238
0.0029571056366
0.00332093238831
0.00243592262268
0.00309801101685
0.00308394432068
0.00228190422058
0.00301194190979
0.00323390960693
0.00225305557251
0.00289011001587
0.00365900993347
0.00223898887634
0.00288486480713
0.0024471282959
0.00231504440308
0.00286602973938
0.00299596786499
0.00220394134521
0.00300598144531
0.00317287445068
0.00215888023376
0.00303602218628
0.0032320022583
0.00242495536804
0.00289487838745
0.00295901298523
0.00248098373413
0.00279116630554
0.00295400619507
0.00222206115723
0.00296211242676
0.00278615951538
0.00220108032227
0.00308012962341
0.00233697891235
0.0020649433136
0.00289797782898
0.00239610671997
0.00206589698792
0.00276613235474
0.00292301177979
0.00209903717041
0.00322508811951
0.00293111801147
0.00200986862183
0.00283193588257
0.00280904769897
0.00194001197815
0.00273990631104
0.00230503082275
0.00195908546448
0.00282287597656
0.00272107124329
0.00200295448303
0.00303602218628
0.0028669834137
0.00201106071472
0.00313019752502
0.00278091430664
0.00209903717041
0.00264692306519
0.00291299819946
0.00209808349609
0.00311398506165
0.0027539730072
0.0020489692688
0.0075318813324
0.00271797180176
0.00195598602295
0.00302386283875
0.0028510093689
0.00198006629944
0.00301194190979
0.00302505493164
0.00207591056824
0.00284004211426
0.00271821022034
0.00191307067871
0.00297498703003
0.00283193588257
0.00197386741638
0.00281596183777
0.002760887146
0.00195813179016
0.00285410881042
0.00276184082031
0.00191593170166
0.00289607048035
0.00226593017578
0.00246000289917
0.003084897995
0.00281596183777
0.00203394889832
0.00307583808899
0.00286793708801
0.00195002555847
0.00308299064636
0.00275301933289
0.00189185142517
0.00295996665955
0.00271701812744
0.00200486183167
0.00290489196777
0.00268912315369
0.00224804878235
0.00305700302124
0.00266194343567
0.00194501876831
0.0031521320343
0.00273609161377
0.00210690498352
0.00314593315125
0.00269794464111
0.00223088264465
0.00308895111084
0.00260615348816
0.00217199325562
0.00304293632507
0.00302815437317
0.0020911693573
0.00365996360779
0.00293803215027
0.00214791297913
0.00315594673157
0.00301814079285
0.00199007987976
0.00291895866394
0.00294303894043
0.00202012062073
0.00302815437317
0.00297379493713
0.00201511383057
0.00282597541809
0.00291299819946
0.00216484069824
0.00287008285522
0.00344610214233
0.00190091133118
0.00275611877441
0.00285601615906
0.00190997123718
0.00284695625305
0.00275206565857
0.00191497802734
0.00285506248474
0.00279712677002
0.00187706947327
0.00287079811096
0.00263500213623
0.00195407867432
0.00294709205627
0.00311207771301
0.00211715698242
0.00270009040833
0.00265097618103
0.00186204910278
0.00270295143127
0.0026421546936
0.00187587738037
0.00278401374817
0.00260591506958
0.00181794166565
0.00284385681152
0.00260996818542
0.00183391571045
0.00306916236877
0.00303316116333
0.00180983543396
0.00305390357971
0.00252509117126
0.00187492370605
0.00299787521362
0.00257301330566
0.00179696083069
0.00309991836548
0.00266599655151
0.00173783302307
0.00298714637756
0.00250601768494
0.00290107727051
0.003084897995
0.00356912612915
0.00182914733887
0.00294399261475
0.00278306007385
0.00181007385254
0.0030357837677
0.00271701812744
0.00186800956726
0.00323891639709
0.00265598297119
0.0017409324646
0.00319290161133
0.00274801254272
0.00190401077271
0.00315093994141
0.00260782241821
0.00205707550049
0.00360679626465
0.00282216072083
0.00182819366455
0.00308108329773
0.0028018951416
0.00181603431702
0.00302886962891
0.00275492668152
0.00220704078674
0.00316286087036
0.0030529499054
0.00226092338562
0.0030210018158
0.00288510322571
0.00286602973938
0.00355696678162
0.0053288936615
0.00218391418457
0.00319910049438
0.00309705734253
0.00230097770691
0.00311088562012
0.00254797935486
0.00221109390259
0.00298380851746
0.0030460357666
0.00214982032776
0.00296401977539
0.00305604934692
0.0022029876709
0.00321698188782
0.00338101387024
0.00212907791138
0.0030529499054
0.00303196907043
0.00214004516602
0.00314593315125
0.00309109687805
0.00216507911682
0.00306296348572
0.00302290916443
0.00216579437256
0.00305700302124
0.00254487991333
0.00214910507202
0.0029468536377
0.00295305252075
0.00261282920837
0.00314497947693
0.00304913520813
0.00217700004578
0.00294995307922
0.00317907333374
0.0022349357605
0.0030038356781
0.00311994552612
0.00220108032227
0.00308609008789
0.00300908088684
0.00217819213867
0.0029411315918
0.00272488594055
0.00256204605103
0.00305581092834
0.0031099319458
0.00211715698242
0.0027871131897
0.00301289558411
0.00220704078674
0.00301504135132
0.00283312797546
0.00207901000977
0.00299787521362
0.00294303894043
0.0020649433136
0.00292301177979
0.00296902656555
0.00198888778687
0.00340008735657
0.00292778015137
0.002032995224
0.00304198265076
0.00286388397217
0.00203800201416
0.00297403335571
0.00286984443665
0.00202608108521
0.00309419631958
0.00283098220825
0.00205898284912
0.00292897224426
0.00289797782898
0.00199389457703
0.00293803215027
0.00338792800903
0.0019679069519
0.00306510925293
0.00299501419067
0.00196695327759
0.00296807289124
0.00277900695801
0.00198101997375
0.00287890434265
0.00280117988586
0.00193619728088
0.00292897224426
0.00285220146179
0.00198411941528
0.00292801856995
0.00334310531616
0.00192499160767
0.00298404693604
0.00289607048035
0.00196814537048
0.00306582450867
0.00230503082275
0.00203800201416
0.00296497344971
0.00890707969666
0.00398898124695
0.00342106819153
0.00277209281921
0.00231385231018
0.00328207015991
0.00319600105286
0.00311708450317
0.00315809249878
0.00304794311523
0.00222086906433
0.00331211090088
0.00312995910645
0.00216507911682
0.0032160282135
0.00291919708252
0.00218605995178
0.00330305099487
0.00302600860596
0.00212001800537
0.00327610969543
0.00259685516357
0.00213289260864
0.00373792648315
0.003014087677
0.00214290618896
0.00318503379822
0.00297498703003
0.00214505195618
0.00311398506165
0.00290393829346
0.00214600563049
0.00328016281128
0.00300002098083
0.00217509269714
0.00340795516968
0.00300598144531
0.00219488143921
0.00364995002747
0.00334191322327
0.00205492973328
0.00300312042236
0.00312781333923
0.00231003761292
0.00312089920044
0.00265693664551
0.00215697288513
0.00312995910645
0.00301194190979
0.00211405754089
0.00317811965942
0.00326299667358
0.00210499763489
0.00460505485535
0.00309300422668
0.0235779285431
0.00314092636108
0.00322103500366
0.0025999546051
0.00305891036987
0.00343489646912
0.00249695777893
0.00324106216431
0.00319480895996
0.00236415863037
0.00301218032837
0.00317311286926
0.00248289108276
0.00314903259277
0.00320291519165
0.00291895866394
0.00325703620911
0.0028281211853
0.00229787826538
0.00305199623108
0.00311899185181
0.00227284431458
0.00308990478516
0.00322008132935
0.00231003761292
0.00302600860596
0.00316596031189
0.0024299621582
0.00306010246277
0.00250911712646
0.00267887115479
0.00310111045837
0.00319504737854
0.00234985351562
0.00314807891846
0.00313591957092
0.0022919178009
0.00313091278076
0.00295782089233
0.00214314460754
0.0031270980835
0.00305604934692
0.00217199325562
0.00308513641357
0.00329899787903
0.00223708152771
0.0035400390625
0.00311803817749
0.00210309028625
0.00318789482117
0.00306391716003
0.00220704078674
0.00560998916626
0.00312495231628
0.00219893455505
0.00312089920044
0.00302386283875
0.00230598449707
0.00297904014587
0.00309991836548
0.00220799446106
0.00289297103882
0.00348901748657
0.0022120475769
0.0028600692749
0.00323104858398
0.00230383872986
0.00297093391418
0.00303506851196
0.00235080718994
0.00298500061035
0.00314998626709
0.0022189617157
0.00301384925842
0.00290894508362
0.00206208229065
0.00295186042786
0.00347995758057
0.00219702720642
0.00289702415466
0.00292801856995
0.00210285186768
0.00282001495361
0.00311994552612
0.00229001045227
0.00286602973938
0.00305318832397
0.00214219093323
0.00290513038635
0.00295782089233
0.00207495689392
0.00289011001587
0.00301504135132
0.002445936203
0.00280404090881
0.0029239654541
0.00206112861633
0.00304913520813
0.00288891792297
0.00213599205017
0.00282788276672
0.00288081169128
0.00206208229065
0.00285887718201
0.00293612480164
0.00211596488953
0.00282716751099
0.00301098823547
0.00205016136169
0.00352001190186
0.00311398506165
0.00203394889832
0.00274801254272
0.00290989875793
0.00205492973328
0.00294613838196
0.00290298461914
0.00195717811584
0.00304913520813
0.00281500816345
0.00194501876831
0.00294709205627
0.00271677970886
0.00195002555847
0.00343298912048
0.00287389755249
0.00185799598694
0.00292801856995
0.00284194946289
0.00185203552246
0.00279211997986
0.00270700454712
0.00190615653992
0.00277400016785
0.00270795822144
0.00189208984375
0.00283789634705
0.00267910957336
0.00204515457153
0.0029468536377
0.00319600105286
0.00198602676392
0.00295495986938
0.00270700454712
0.00189995765686
0.00296211242676
0.00289011001587
0.00191402435303
0.00307822227478
0.0027539730072
0.00181007385254
0.0029628276825
0.00273609161377
0.00213479995728
0.00302004814148
0.00316786766052
0.0028920173645
0.00289797782898
0.00305581092834
0.00212597846985
0.00378513336182
0.00307202339172
0.00223708152771
0.00301814079285
0.0030529499054
0.00227284431458
0.0030210018158
0.00313591957092
0.00223994255066
0.00376582145691
0.00307297706604
0.00281190872192
0.00305199623108
0.0025749206543
0.00215697288513
0.0028510093689
0.00288391113281
0.0022189617157
0.00279808044434
0.0030300617218
0.00221109390259
0.00285410881042
0.00308895111084
0.0022828578949
0.00292706489563
0.00338387489319
0.00341796875
0.00307893753052
0.00313305854797
0.00240087509155
0.00293898582458
0.00309705734253
0.0024688243866
0.00299191474915
0.00297713279724
0.00231504440308
0.00312209129333
0.00308418273926
0.00226783752441
0.00314903259277
0.00293898582458
0.00231313705444
0.00303292274475
0.00357484817505
0.00219202041626
0.00308704376221
0.00298500061035
0.00213813781738
0.00296711921692
0.00297284126282
0.00198197364807
0.00293302536011
0.0030369758606
0.00211596488953
0.00303506851196
0.00244998931885
0.00208115577698
0.00294089317322
0.0033118724823
0.00209903717041
0.00285887718201
0.00287795066833
0.00213599205017
0.00282692909241
0.00287795066833
0.00199890136719
0.00307202339172
0.00284504890442
0.00197601318359
0.00291514396667
0.00286102294922
0.00203394889832
0.00303196907043
0.00281190872192
0.00233197212219
0.00293111801147
0.00287103652954
0.00197505950928
0.00306987762451
0.0027379989624
0.00193691253662
0.00303387641907
0.00288605690002
0.00204586982727
0.00299906730652
0.00287699699402
0.00188684463501
0.00297713279724
0.00274991989136
0.00192379951477
0.00332617759705
0.00240707397461
0.00196003913879
0.00301480293274
0.00289607048035
0.00208187103271
0.00299906730652
0.00281620025635
0.00206804275513
0.00289297103882
0.00281405448914
0.00222611427307
0.00270700454712
0.00312781333923
0.00236701965332
0.00335597991943
0.00257921218872
0.00234198570251
0.00298595428467
0.00319409370422
0.00230598449707
0.00288796424866
0.00307393074036
0.00231981277466
0.00283312797546
0.00314712524414
0.00233697891235
0.00312209129333
0.00319004058838
0.00217318534851
0.00296211242676
0.00347399711609
0.00219798088074
0.00306510925293
0.00290989875793
0.00221490859985
0.00291299819946
0.00297117233276
0.00214004516602
0.00313997268677
0.00297093391418
0.0023729801178
0.00317192077637
0.00302195549011
0.00229787826538
0.00298690795898
0.00311303138733
0.00262093544006
0.00313305854797
0.00302004814148
0.00218105316162
0.0029890537262
0.0029890537262
0.00201010704041
0.0030210018158
0.00284504890442
0.00203704833984
0.0029628276825
0.00284099578857
0.00206804275513
0.00288105010986
0.00289297103882
0.00249195098877
0.00278306007385
0.0027379989624
0.00201010704041
0.00275993347168
0.00277900695801
0.00218391418457
0.00265598297119
0.00281476974487
0.00207304954529
0.00279402732849
0.00296497344971
0.00202202796936
0.0029091835022
0.00239706039429
0.00198698043823
0.00328493118286
0.00278401374817
0.00194597244263
0.00269412994385
0.00276517868042
0.00193405151367
0.00274085998535
0.00272083282471
0.00193691253662
0.00280404090881
0.00265908241272
0.00181794166565
0.00255513191223
0.00227379798889
0.00189304351807
0.00267195701599
0.00416207313538
0.00224304199219
0.00294089317322
0.00230193138123
0.00197505950928
0.00277400016785
0.00277900695801
0.00194406509399
0.00272393226624
0.00271582603455
0.00196099281311
0.0028190612793
0.00285792350769
0.0019199848175
0.0026581287384
0.00320792198181
0.0019428730011
0.00291705131531
0.00258708000183
0.00184202194214
0.0027391910553
0.0025360584259
0.00184178352356
0.00270700454712
0.00320100784302
0.00217223167419
0.0025360584259
0.00266814231873
0.00211906433105
0.00263381004333
0.00359296798706
0.00210094451904
0.00255918502808
0.00275611877441
0.00212287902832
0.0027539730072
0.00301289558411
0.00212001800537
0.00281882286072
0.0028989315033
0.00217413902283
0.00258803367615
0.00292897224426
0.00206303596497
0.00272178649902
0.00272011756897
0.00220489501953
0.00319290161133
0.00272703170776
0.00211405754089
0.00257515907288
0.00273513793945
0.0020809173584
0.00264382362366
0.00224494934082
0.00220322608948
0.00254201889038
0.00276803970337
0.00202012062073
0.00257205963135
0.00262212753296
0.00195813179016
0.00277900695801
0.00275802612305
0.00225114822388
0.00247192382812
0.00274896621704
0.00208592414856
0.0553798675537
0.00341081619263
0.00256299972534
0.00346994400024
0.00269293785095
0.00243496894836
0.00290989875793
0.00346994400024
0.00251817703247
0.00359511375427
0.00379776954651
0.00235795974731
0.00306606292725
0.0030369758606
0.00244688987732
0.00289797782898
0.00302982330322
0.00235104560852
0.00293207168579
0.00316190719604
0.00226211547852
0.00283122062683
0.00365304946899
0.0022931098938
0.00274586677551
0.003084897995
0.00278687477112
0.00296187400818
0.00294709205627
0.00207018852234
0.00282406806946
0.0024299621582
0.00209403038025
0.00278401374817
0.00291705131531
0.00207805633545
0.00273108482361
0.00291919708252
0.00199794769287
0.00291299819946
0.00280404090881
0.00244402885437
0.00271916389465
0.00283908843994
0.00192999839783
0.00274205207825
0.00284194946289
0.00199508666992
0.00294804573059
0.0027129650116
0.0018949508667
0.00294303894043
0.00287985801697
0.00184202194214
0.00303316116333
0.00298810005188
0.00209307670593
0.00331401824951
0.00285601615906
0.0020580291748
0.00289702415466
0.00275206565857
0.00195217132568
0.00290989875793
0.00281882286072
0.00224709510803
0.00270104408264
0.00294017791748
0.00213408470154
0.00277018547058
0.00301599502563
0.00210690498352
0.00270104408264
0.00355100631714
0.00214219093323
0.00275206565857
0.00303196907043
0.00206589698792
0.00279188156128
0.00283789634705
0.00197386741638
0.00260806083679
0.00281500816345
0.00196385383606
0.00279688835144
0.00268578529358
0.00202298164368
0.00281000137329
0.00333309173584
0.00199699401855
0.00289988517761
0.00223803520203
0.00189518928528
0.00265693664551
0.0027379989624
0.00186920166016
0.00295114517212
0.00266909599304
0.00194096565247
0.00298285484314
0.00263500213623
0.00196504592896
0.00281286239624
0.00370597839355
0.00288915634155
0.00322318077087
0.00314903259277
0.00232815742493
0.00313591957092
0.00313806533813
0.00221800804138
0.00304698944092
0.00306487083435
0.00224304199219
0.00310301780701
0.00254988670349
0.00218987464905
0.00305581092834
0.00293207168579
0.00222492218018
0.0037260055542
0.00271701812744
0.00214099884033
0.00290203094482
0.00285601615906
0.00208806991577
0.00322008132935
0.00280404090881
0.00208687782288
0.00313401222229
0.0028760433197
0.00209188461304
0.00294089317322
0.00280499458313
0.00198006629944
0.00334310531616
0.00293207168579
0.00202107429504
0.00294399261475
0.00268697738647
0.0019838809967
0.00279784202576
0.00269293785095
0.00194501876831
0.00285291671753
0.0027232170105
0.00186800956726
0.00280022621155
0.00264596939087
0.00189709663391
0.00408816337585
0.00279211997986
0.00174903869629
0.00291609764099
0.00272917747498
0.00182104110718
0.00289106369019
0.00268197059631
0.0017511844635
0.0029149055481
0.0026068687439
0.00179982185364
0.00302195549011
0.00257706642151
0.00176692008972
0.00296187400818
0.00268483161926
0.00228810310364
0.00300812721252
0.00270915031433
0.00171303749084
0.00287103652954
0.00212717056274
0.00173711776733
0.0028829574585
0.00256586074829
0.00179100036621
0.00303220748901
0.00270009040833
0.00175380706787
0.00295400619507
0.00350499153137
0.00222110748291
0.0029079914093
0.00252389907837
0.00191593170166
0.00282597541809
0.00195813179016
0.0020580291748
0.0026969909668
0.0018789768219
0.00176501274109
0.00282597541809
0.00187492370605
0.00224709510803
0.00281381607056
0.00213503837585
0.0019199848175
0.00329995155334
0.00201320648193
0.00198101997375
0.0025041103363
0.00196981430054
0.00198698043823
0.00269103050232
0.0018949508667
0.00209784507751
0.00269794464111
0.00190806388855
0.00220322608948
0.00285196304321
0.00187301635742
0.0019679069519
0.00267291069031
0.00244402885437
0.00218200683594
0.0030038356781
0.0019359588623
0.00173282623291
0.00275897979736
0.00194597244263
0.00240612030029
0.00259709358215
0.00185799598694
0.00209379196167
0.00260090827942
0.00194501876831
0.0021390914917
0.00267815589905
0.00221014022827
0.00209617614746
0.00271701812744
0.00180315971375
0.0019679069519
0.00255107879639
0.00184607505798
0.00176501274109
0.00253391265869
0.00185084342957
0.00206995010376
0.00250601768494
0.00252199172974
0.00209999084473
0.00250601768494
0.00187611579895
0.00221109390259
0.00221514701843
0.00167894363403
0.00201797485352
0.00292491912842
0.00239205360413
0.00277090072632
0.00288105010986
0.00245213508606
0.00264501571655
0.00293779373169
0.00249004364014
0.00246405601501
0.00276613235474
0.00232601165771
0.00250816345215
0.00336217880249
0.00239610671997
0.00251197814941
0.00279593467712
0.00224995613098
0.00207805633545
0.00269818305969
0.0022189617157
0.00206398963928
0.00271892547607
0.0023820400238
0.00249981880188
0.00279188156128
0.00218296051025
0.00236415863037
0.00300693511963
0.00239491462708
0.00246596336365
0.0028178691864
0.00229096412659
0.00237703323364
0.00262904167175
0.00224184989929
0.00231099128723
0.00262308120728
0.0021858215332
0.00250005722046
0.00258898735046
0.00214219093323
0.00221705436707
0.00262904167175
0.00261402130127
0.00217795372009
0.0024721622467
0.00206804275513
0.00185203552246
0.00239992141724
0.00208282470703
0.00212407112122
0.00237107276917
0.00197410583496
0.00207710266113
0.00239396095276
0.00200009346008
0.00219392776489
0.00235605239868
0.00271606445312
0.00322103500366
0.00283598899841
0.00244688987732
0.00263404846191
0.00294613838196
0.00237798690796
0.00262784957886
0.00273203849792
0.00231194496155
0.00254607200623
0.00267004966736
0.00233316421509
0.00244498252869
0.00267100334167
0.00238800048828
0.00295305252075
0.00272583961487
0.00240302085876
0.00232601165771
0.00260090827942
0.00257802009583
0.00266313552856
0.00260496139526
0.00241899490356
0.00274109840393
0.00259208679199
0.00227999687195
0.00227999687195
0.0027961730957
0.00233793258667
0.00356793403625
0.00271487236023
0.00217890739441
0.00273990631104
0.00262999534607
0.00220012664795
0.00232315063477
0.00267815589905
0.00250601768494
0.00236320495605
0.00273704528809
0.00224804878235
0.00244402885437
0.0028121471405
0.00209212303162
0.00231790542603
0.00286984443665
0.00279402732849
0.00251913070679
0.00297808647156
0.00221014022827
0.00235915184021
0.00280714035034
0.00211000442505
0.00240182876587
0.00274395942688
0.0024299621582
0.0022280216217
0.00275588035583
0.00240993499756
0.0025429725647
0.00295615196228
0.00289702415466
0.00213003158569
0.00273585319519
0.00235795974731
0.00240898132324
0.0027129650116
0.00225710868835
0.00203013420105
0.00309991836548
0.00227999687195
0.00236415863037
0.00293898582458
0.00223207473755
0.00241494178772
0.00291299819946
0.00218892097473
0.00265407562256
0.00300598144531
0.00288891792297
0.00194096565247
0.00283980369568
0.00225901603699
0.0022280216217
0.00285792350769
0.00216603279114
0.00236296653748
0.00601387023926
0.00228214263916
0.0025360584259
0.00306105613708
0.00223684310913
0.00237703323364
0.00353789329529
0.00226283073425
0.00223708152771
0.00289011001587
0.00209212303162
0.0022759437561
0.00294494628906
0.0022599697113
0.00232601165771
0.00295186042786
0.00232195854187
0.00215816497803
0.0029571056366
0.00220608711243
0.00225806236267
0.00342202186584
0.00217199325562
0.00221800804138
0.0027449131012
0.00205707550049
0.00229001045227
0.00283908843994
0.00203418731689
0.00224208831787
0.00267696380615
0.00202584266663
0.0022599697113
0.0026490688324
0.00211715698242
0.00219416618347
0.00260305404663
0.00239610671997
0.00214385986328
0.00265002250671
0.00200414657593
0.00220894813538
0.00282907485962
0.00206112861633
0.00205302238464
0.0026638507843
0.00202298164368
0.0022509098053
0.00269412994385
0.00198912620544
0.00205492973328
0.00260496139526
0.00207185745239
0.00261998176575
0.00279808044434
0.00207018852234
0.00206398963928
0.0025589466095
0.00196480751038
0.00206303596497
0.00263714790344
0.00202202796936
0.00204205513
0.00259208679199
0.00204300880432
0.00209188461304
0.00244188308716
0.00200200080872
0.00250792503357
0.00256299972534
0.00199699401855
0.00212693214417
0.00253319740295
0.00189900398254
0.00209784507751
0.00249695777893
0.00202012062073
0.00171804428101
0.00258708000183
0.00201201438904
0.00215697288513
0.00285816192627
0.00197410583496
0.00204491615295
0.0033860206604
0.00195407867432
0.00210785865784
0.00292086601257
0.00206398963928
0.00213217735291
0.00307893753052
0.00202512741089
0.00207591056824
0.00293207168579
0.00194001197815
0.00209283828735
0.00278997421265
0.00199007987976
0.00202679634094
0.00260210037231
0.0025839805603
0.00202488899231
0.0027539730072
0.0019588470459
0.00193500518799
0.00268411636353
0.0018630027771
0.00205683708191
0.00270700454712
0.00192785263062
0.00193405151367
0.00253200531006
0.00192499160767
0.00209498405457
0.00258898735046
0.00342607498169
0.00260400772095
0.00281500816345
0.00239205360413
0.00219297409058
0.00295495986938
0.00205492973328
0.00213885307312
0.00278377532959
0.00203895568848
0.00220203399658
0.00291299819946
0.00206017494202
0.00206184387207
0.00273990631104
0.00311279296875
0.00236701965332
0.00291514396667
0.00195598602295
0.00205302238464
0.00280213356018
0.00205302238464
0.00210785865784
0.00283288955688
0.00200700759888
0.00213813781738
0.00272703170776
0.00202798843384
0.00206589698792
0.00286197662354
0.00199794769287
0.00213003158569
0.00346398353577
0.00199508666992
0.00211715698242
0.00277209281921
0.00187706947327
0.00213599205017
0.00270104408264
0.00197792053223
0.00209498405457
0.00267910957336
0.00186419487
0.0020649433136
0.00279402732849
0.00182509422302
0.00202298164368
0.00320506095886
0.00186204910278
0.00200200080872
0.0026969909668
0.00179505348206
0.00191187858582
0.0027220249176
0.00182890892029
0.00198888778687
0.00278306007385
0.00177693367004
0.00195693969727
0.00273084640503
0.00185394287109
0.00191903114319
0.00283908843994
0.00221014022827
0.0456740856171
0.00308299064636
0.0025589466095
0.00267004966736
0.00296688079834
0.00295901298523
0.00251507759094
0.00269603729248
0.00280213356018
0.00261116027832
0.00282907485962
0.00224900245667
0.00255990028381
0.00279021263123
0.00235199928284
0.00322604179382
0.00285911560059
0.00244307518005
0.00263404846191
0.00267386436462
0.0023078918457
0.00236392021179
0.0026319026947
0.0024139881134
0.00267100334167
0.00273203849792
0.0024631023407
0.00261187553406
0.00277495384216
0.00233602523804
0.0029571056366
0.00264716148376
0.00237607955933
0.00245094299316
0.00267004966736
0.00228500366211
0.00237798690796
0.00273895263672
0.00224304199219
0.00231504440308
0.00265884399414
0.00220584869385
0.00241303443909
0.00285792350769
0.00229001045227
0.00244212150574
0.00328707695007
0.00225615501404
0.002032995224
0.00298595428467
0.00225019454956
0.00265097618103
0.00276613235474
0.0024950504303
0.00250387191772
0.00285887718201
0.00243091583252
0.00257802009583
0.00274991989136
0.00228691101074
0.0024209022522
0.00275993347168
0.00283694267273
0.00254583358765
0.00277304649353
0.00225615501404
0.0024790763855
0.00286412239075
0.00225710868835
0.00239777565002
0.00288915634155
0.00228095054626
0.00248384475708
0.0028190612793
0.0023410320282
0.00249409675598
0.0028178691864
0.0027539730072
0.00251913070679
0.00295495986938
0.00226998329163
0.00251197814941
0.00294303894043
0.00227499008179
0.00258898735046
0.00291585922241
0.00221490859985
0.00251913070679
0.00287508964539
0.00222086906433
0.00258803367615
0.00294089317322
0.0022509098053
0.00289702415466
0.00304794311523
0.00229501724243
0.00251579284668
0.00296092033386
0.00224494934082
0.0023078918457
0.00276899337769
0.00220108032227
0.00204110145569
0.0029468536377
0.00240588188171
0.00253987312317
0.00286388397217
0.00239396095276
0.00252819061279
0.00336909294128
0.00233006477356
0.00272989273071
0.00282192230225
0.00242304801941
0.00243997573853
0.00274300575256
0.0023238658905
0.0024790763855
0.00358200073242
0.00264000892639
0.00258016586304
0.00282001495361
0.00237703323364
0.00263094902039
0.0033118724823
0.00245904922485
0.00262117385864
0.00274205207825
0.00238704681396
0.00250601768494
0.00280594825745
0.00233507156372
0.00262999534607
0.00296378135681
0.00247406959534
0.00242114067078
0.0030300617218
0.00230598449707
0.00252079963684
0.00424885749817
0.00232195854187
0.00247001647949
0.00281500816345
0.0022120475769
0.00199890136719
0.00294089317322
0.00228595733643
0.00235891342163
0.00282692909241
0.00219297409058
0.00236797332764
0.00275802612305
0.00210785865784
0.0025360584259
0.00284004211426
0.0021390914917
0.00295805931091
0.0028247833252
0.00224900245667
0.00193309783936
0.0028669834137
0.00221109390259
0.00208210945129
0.00280404090881
0.00242400169373
0.00252604484558
0.00276613235474
0.002366065979
0.00259208679199
0.00292015075684
0.00232100486755
0.00250720977783
0.00285792350769
0.00234293937683
0.00254797935486
0.00278496742249
0.00225114822388
0.00215816497803
0.00287008285522
0.00240802764893
0.00232982635498
0.00291585922241
0.0022599697113
0.00240397453308
0.00294399261475
0.00234985351562
0.00240397453308
0.00335717201233
0.00220108032227
0.00239896774292
0.0028829574585
0.00223183631897
0.00244808197021
0.00283789634705
0.00220203399658
0.00246620178223
0.00291395187378
0.0022988319397
0.00260305404663
0.00313210487366
0.00244879722595
0.00255703926086
0.00276398658752
0.00286293029785
0.00254702568054
0.00280117988586
0.00232195854187
0.00237083435059
0.00679087638855
0.00227212905884
0.00250101089478
0.00283312797546
0.00228691101074
0.00254082679749
0.00327610969543
0.00233817100525
0.00263381004333
0.00285196304321
0.00276398658752
0.00247287750244
0.00294589996338
0.00232601165771
0.0023729801178
0.00285005569458
0.00225496292114
0.00237011909485
0.00277400016785
0.00224995613098
0.00233006477356
0.00285291671753
0.00222611427307
0.00233817100525
0.00287699699402
0.00222420692444
0.0027711391449
0.00291299819946
0.00223898887634
0.002277135849
0.00278282165527
0.00223517417908
0.00242209434509
0.00271797180176
0.00230097770691
0.00260519981384
0.00267100334167
0.00236201286316
0.00248503684998
0.00269412994385
0.00237703323364
0.00242280960083
0.00331807136536
0.00246500968933
0.00244784355164
0.00305700302124
0.00237417221069
0.00242900848389
0.00275993347168
0.00234007835388
0.00231289863586
0.00271797180176
0.00219011306763
0.00241494178772
0.00282907485962
0.00219202041626
0.00233483314514
0.00334787368774
0.00214290618896
0.00230479240417
0.00289392471313
0.00221180915833
0.0024778842926
0.00279498100281
0.00240921974182
0.00219988822937
0.00282192230225
0.0023820400238
0.0021390914917
0.00279116630554
0.00239300727844
0.0024151802063
0.00291204452515
0.00273084640503
0.00248694419861
0.00282216072083
0.00231313705444
0.00213193893433
0.00277805328369
0.00237321853638
0.00248098373413
0.00288105010986
0.00228691101074
0.002357006073
0.00283694267273
0.0021870136261
0.00228404998779
0.00287008285522
0.00219917297363
0.00298619270325
0.00284790992737
0.0022759437561
0.00240802764893
0.00275611877441
0.00220608711243
0.0024311542511
0.00270795822144
0.00221800804138
0.00239491462708
0.00267195701599
0.00215888023376
0.00228190422058
0.00268983840942
0.00210499763489
0.00267314910889
0.0037260055542
0.00243592262268
0.00254487991333
0.00292587280273
0.00245189666748
0.00256490707397
0.00288796424866
0.00240206718445
0.00251603126526
0.00284290313721
0.00241017341614
0.00259113311768
0.00292301177979
0.0024528503418
0.00368499755859
0.0029411315918
0.00227403640747
0.00243878364563
0.00289011001587
0.00232195854187
0.00234198570251
0.00281286239624
0.00228095054626
0.00234699249268
0.00284504890442
0.00240612030029
0.00242304801941
0.00288486480713
0.00224900245667
0.00243902206421
0.00284886360168
0.00282883644104
0.00241494178772
0.00294303894043
0.00224995613098
0.00239205360413
0.00268411636353
0.00230503082275
0.00237607955933
0.00288510322571
0.00236797332764
0.00253510475159
0.00280094146729
0.00240707397461
0.00252509117126
0.00284910202026
0.00295901298523
0.00241208076477
0.00275111198425
0.00228214263916
0.00235295295715
0.00278902053833
0.00237607955933
0.00239515304565
0.00286293029785
0.00227689743042
0.00241589546204
0.00276303291321
0.00239992141724
0.0022931098938
0.00282096862793
0.00227785110474
0.00247597694397
0.00296306610107
0.00220799446106
0.00232481956482
0.00287008285522
0.00220394134521
0.00228595733643
0.00274205207825
0.00219511985779
0.00224685668945
0.00285005569458
0.00209903717041
0.00188016891479
0.00273299217224
0.00209808349609
0.00224494934082
0.0032000541687
0.00216579437256
0.00227904319763
0.00268912315369
0.00216698646545
0.00226092338562
0.00278878211975
0.00205492973328
0.00223207473755
0.00280404090881
0.0019850730896
0.00223517417908
0.00260806083679
0.00197410583496
0.00212097167969
0.00328397750854
0.00198197364807
0.00225400924683
0.00271892547607
0.00216698646545
0.00215911865234
0.0028829574585
0.00195097923279
0.00218319892883
0.00279688835144
0.00198698043823
0.00225782394409
0.00527691841125
0.00268602371216
0.00235486030579
0.00291991233826
0.00267004966736
0.00217604637146
0.00269508361816
0.0020170211792
0.00209903717041
0.00250792503357
0.00201797485352
0.00234889984131
0.00257992744446
0.00199198722839
0.00210404396057
0.00268220901489
0.00195598602295
0.00185489654541
0.0028121471405
0.00196695327759
0.00264310836792
0.00290393829346
0.00200986862183
0.00218105316162
0.00284695625305
0.00200700759888
0.00212717056274
0.00272607803345
0.0019211769104
0.00210118293762
0.00256705284119
0.00191402435303
0.00212502479553
0.00274801254272
0.00189089775085
0.00233197212219
0.00273680686951
0.00200390815735
0.002112865448
0.00258588790894
0.00188684463501
0.0019109249115
0.00261688232422
0.00183987617493
0.00194716453552
0.00249099731445
0.0018138885498
0.00190901756287
0.00256490707397
0.00183296203613
0.00201892852783
0.00302791595459
0.00179004669189
0.00202989578247
0.0025041103363
0.0023980140686
0.00249791145325
0.00260400772095
0.00233006477356
0.00240802764893
0.00250101089478
0.00215983390808
0.00227403640747
0.00242304801941
0.00221610069275
0.00204420089722
0.00255298614502
0.00279998779297
0.00238394737244
0.0025429725647
0.00229501724243
0.002357006073
0.00270509719849
0.00218486785889
0.00241589546204
0.00282883644104
0.00222301483154
0.00220704078674
0.00291991233826
0.00208306312561
0.00219893455505
0.00285005569458
0.00255703926086
0.0018949508667
0.00314903259277
0.00212097167969
0.00219821929932
0.00291109085083
0.00208401679993
0.00223898887634
0.00283098220825
0.00209784507751
0.00176095962524
0.00288105010986
0.00202178955078
0.00216889381409
0.00283288955688
0.00299906730652
0.00233197212219
0.00324702262878
0.00254797935486
0.00268411636353
0.00289702415466
0.00239205360413
0.00256109237671
0.00270318984985
0.00239300727844
0.0025532245636
0.00273203849792
0.00241780281067
0.00255799293518
0.00275492668152
0.00257301330566
0.00268697738647
0.00335597991943
0.0025908946991
0.00256586074829
0.00259494781494
0.00249004364014
0.00258684158325
0.0027129650116
0.00255179405212
0.00259494781494
0.00260090827942
0.00242686271667
0.00252604484558
0.0027129650116
0.00249290466309
0.0025749206543
0.00315999984741
0.00233602523804
0.00249695777893
0.00252604484558
0.00230383872986
0.00260806083679
0.00255489349365
0.00230288505554
0.00213503837585
0.00255417823792
0.00227999687195
0.00241017341614
0.00259017944336
0.00219011306763
0.00236797332764
0.00253415107727
0.00263714790344
0.00238299369812
0.00248289108276
0.00207591056824
0.00239610671997
0.00242805480957
0.00214099884033
0.00229287147522
0.00244092941284
0.00215601921082
0.00227808952332
0.00246000289917
0.00214982032776
0.00233006477356
0.00273013114929
0.0020580291748
0.00272011756897
0.00285315513611
0.00212001800537
0.00220084190369
0.00277495384216
0.00207781791687
0.00220799446106
0.00270104408264
0.00201296806335
0.00223112106323
0.00269508361816
0.00221300125122
0.00222706794739
0.00283193588257
0.00202202796936
0.0025429725647
0.00363898277283
0.00206518173218
0.00216388702393
0.00291204452515
0.00206112861633
0.00251913070679
0.00273418426514
0.00198698043823
0.00230884552002
0.00288391113281
0.00194787979126
0.00214576721191
0.00274801254272
0.00205707550049
0.00216221809387
0.00339293479919
0.00197887420654
0.00202989578247
0.00601315498352
0.00191903114319
0.00201392173767
0.00275778770447
0.0019268989563
0.00195407867432
0.00278997421265
0.00183486938477
0.00207304954529
0.00269293785095
0.00187993049622
0.00214290618896
0.00279188156128
0.00246119499207
0.00205206871033
0.00274777412415
0.00190711021423
0.00203704833984
0.00280690193176
0.00213313102722
0.00255107879639
0.00277996063232
0.00233912467957
0.00248217582703
0.00290107727051
0.00249218940735
0.00209403038025
0.00292420387268
0.00283598899841
0.00253701210022
0.002760887146
0.00234794616699
0.00253915786743
0.00291609764099
0.00220417976379
0.00257992744446
0.00286984443665
0.00234603881836
0.00245714187622
0.0027642250061
0.00230002403259
0.00248003005981
0.0027220249176
0.00231695175171
0.0026330947876
0.00275897979736
0.00242400169373
0.0026319026947
0.00271582603455
0.00234889984131
0.00256109237671
0.00273394584656
0.00225496292114
0.00249004364014
0.00264406204224
0.00234198570251
0.00233483314514
0.00264000892639
0.00224113464355
0.00236105918884
0.00316190719604
0.00222587585449
0.00239205360413
0.00284004211426
0.00218605995178
0.00227785110474
0.00285696983337
0.00221586227417
0.0025908946991
0.00273513793945
0.00242304801941
0.00255012512207
0.00281405448914
0.00240087509155
0.00253105163574
0.00335812568665
0.002357006073
0.00250101089478
0.00268387794495
0.00226902961731
0.00243878364563
0.00267195701599
0.00229001045227
0.0024209022522
0.00272488594055
0.00230503082275
0.00230503082275
0.00269508361816
0.00220394134521
0.00204515457153
0.00398206710815
0.00232005119324
0.00245499610901
0.0028190612793
0.00224089622498
0.00240683555603
0.00283193588257
0.00225281715393
0.00224089622498
0.00265407562256
0.0022189617157
0.00234985351562
0.00280404090881
0.00209498405457
0.00285887718201
0.00298094749451
0.00246286392212
0.0031259059906
0.00302696228027
0.00247311592102
0.00250601768494
0.00285696983337
0.00237607955933
0.00241112709045
0.00306105613708
0.00236582756042
0.00244998931885
0.00293707847595
0.00251388549805
0.00247502326965
0.00273609161377
0.00221705436707
0.00285792350769
0.00286316871643
0.00224304199219
0.00231504440308
0.00283598899841
0.00222492218018
0.00195980072021
0.00269794464111
0.00217700004578
0.00228309631348
0.00275301933289
0.00228595733643
0.00230598449707
0.00288891792297
0.00220203399658
0.00231504440308
0.00326013565063
0.00213193893433
0.00235486030579
0.0025999546051
0.00212717056274
0.00235986709595
0.00276398658752
0.00229406356812
0.00230288505554
0.00275301933289
0.00215888023376
0.00221800804138
0.00276684761047
0.00214791297913
0.00223302841187
0.00279998779297
0.00270295143127
0.00231719017029
0.0028440952301
0.00210118293762
0.00226211547852
0.00271797180176
0.00223588943481
0.00234198570251
0.00268793106079
0.00204586982727
0.0021698474884
0.00267601013184
0.00229406356812
0.00226593017578
0.00266408920288
0.00243091583252
0.00222015380859
0.00250506401062
0.00203704833984
0.00214099884033
0.00260806083679
0.0020580291748
0.00215601921082
0.00263500213623
0.00207591056824
0.00217914581299
0.00257897377014
0.0020580291748
0.00214314460754
0.00255393981934
0.00196886062622
0.0025589466095
0.00261998176575
0.00209808349609
0.00286602973938
0.00253582000732
0.00200986862183
0.00265884399414
0.00261497497559
0.00204300880432
0.00223088264465
0.00262999534607
0.00221800804138
0.00215697288513
0.00260710716248
0.00206708908081
0.0020170211792
0.00319695472717
0.00203990936279
0.00220990180969
0.00262999534607
0.0020489692688
0.00207090377808
0.00262498855591
0.00199198722839
0.00199699401855
0.00269913673401
0.00206208229065
0.0019998550415
0.00261688232422
0.00195384025574
0.00200700759888
0.00304198265076
0.00206899642944
0.00210809707642
0.00252413749695
0.00187993049622
0.00196599960327
0.00248908996582
0.00200796127319
0.00200510025024
0.0024471282959
0.00186610221863
0.00200414657593
0.00249004364014
0.00195503234863
0.00192999839783
0.00253796577454
0.00214719772339
0.00167894363403
0.00245308876038
0.0018310546875
0.00192999839783
0.00246691703796
0.00172901153564
0.00193214416504
0.00245499610901
0.00179886817932
0.00198984146118
0.00245094299316
0.00180602073669
0.00195002555847
0.00247192382812
0.0018048286438
0.0024688243866
0.00262808799744
0.00184607505798
0.00217700004578
0.00245189666748
0.00248694419861
0.0025749206543
0.00276303291321
0.00231385231018
0.00260210037231
0.00294804573059
0.00249314308167
0.0026490688324
0.00294494628906
0.00244688987732
0.00312900543213
0.002681016922
0.00246381759644
0.00254487991333
0.00284099578857
0.00239706039429
0.00250291824341
0.0028920173645
0.00237584114075
0.00252389907837
0.0028018951416
0.00244092941284
0.00254893302917
0.00271892547607
0.00245881080627
0.00378203392029
0.00267910957336
0.00230097770691
0.00267505645752
0.00290012359619
0.00248003005981
0.00248694419861
0.00281500816345
0.00232100486755
0.00234913825989
0.00269818305969
0.00240206718445
0.00248885154724
0.00259900093079
0.00234794616699
0.0025269985199
0.0026741027832
0.00297117233276
0.00252413749695
0.00268411636353
0.00222015380859
0.00237011909485
0.00253009796143
0.00218296051025
0.00241804122925
0.00278997421265
0.00224900245667
0.00248599052429
0.00261092185974
0.00222301483154
0.00243091583252
0.00275111198425
0.00367999076843
0.00247287750244
0.00303506851196
0.00260782241821
0.00248193740845
0.00278091430664
0.00252103805542
0.00242400169373
0.00275492668152
0.00290489196777
0.00375008583069
0.00309419631958
0.00241208076477
0.00250506401062
0.00295782089233
0.00227284431458
0.00294804573059
0.00300312042236
0.0021800994873
0.00221610069275
0.0029411315918
0.00223898887634
0.0023250579834
0.00296306610107
0.00209212303162
0.00226998329163
0.00300192832947
0.00207781791687
0.00233888626099
0.00282692909241
0.00211787223816
0.00227284431458
0.00347399711609
0.00216007232666
0.00226998329163
0.00301599502563
0.00219202041626
0.00240206718445
0.00290703773499
0.00211095809937
0.00241589546204
0.0028178691864
0.00215697288513
0.0023181438446
0.00273108482361
0.0020489692688
0.00220584869385
0.00328898429871
0.00203108787537
0.00223207473755
0.00289106369019
0.00197815895081
0.0021870136261
0.00285291671753
0.00213384628296
0.0021538734436
0.00279092788696
0.00199413299561
0.0021231174469
0.00275802612305
0.00207304954529
0.00211477279663
0.00290989875793
0.00240707397461
0.00204801559448
0.00272798538208
0.00202322006226
0.00224304199219
0.00264000892639
0.00214695930481
0.00205588340759
0.00271391868591
0.00209617614746
0.0020649433136
0.0026388168335
0.00200295448303
0.00217390060425
0.00324082374573
0.00205588340759
0.00296092033386
0.00269389152527
0.00207495689392
0.00217318534851
0.00336599349976
0.00205492973328
0.00221610069275
0.00261807441711
0.00205111503601
0.00211691856384
0.00270485877991
0.00197100639343
0.00215721130371
0.00266003608704
0.0020899772644
0.00264191627502
0.0026490688324
0.00202393531799
0.0020899772644
0.00794720649719
0.00202989578247
0.00212788581848
0.00272798538208
0.00203013420105
0.00204205513
0.00246810913086
0.00194215774536
0.00209498405457
0.00257396697998
0.00199699401855
0.00203084945679
0.00292801856995
0.00194406509399
0.00197815895081
0.00246500968933
0.00195407867432
0.00209307670593
0.00230979919434
0.00205492973328
0.00197505950928
0.00243186950684
0.00180983543396
0.00212001800537
0.00251412391663
0.00191497802734
0.00205087661743
0.00292992591858
0.00245308876038
0.00209617614746
0.00299596786499
0.00188207626343
0.00193881988525
0.0029079914093
0.00186395645142
0.00194382667542
0.00273895263672
0.00187802314758
0.00204801559448
0.00264596939087
0.00187492370605
0.00200891494751
0.00261211395264
0.00217008590698
0.00157904624939
0.00275111198425
0.001788854599
0.00197601318359
0.0028121471405
0.00184011459351
0.00209498405457
0.00281691551208
0.00176286697388
0.0019519329071
0.00282502174377
0.00181603431702
0.00192904472351
0.00278902053833
0.00271797180176
0.00188589096069
0.00285696983337
0.00180697441101
0.00195384025574
0.00286793708801
0.00176286697388
0.00192284584045
0.00272488594055
0.00170993804932
0.00163888931274
0.00282096862793
0.0018150806427
0.0016770362854
0.00278806686401
0.00179600715637
0.00187706947327
0.00330877304077
0.00181794166565
0.00173187255859
0.00280785560608
0.00181889533997
0.00219392776489
0.00260305404663
0.0017831325531
0.00164699554443
0.00270295143127
0.00191497802734
0.00190997123718
0.00266909599304
0.00179314613342
0.00192904472351
0.00300407409668
0.00199580192566
0.00245094299316
0.0026228427887
0.00231409072876
0.00261116027832
0.0025839805603
0.00236988067627
0.002525806427
0.00260186195374
0.00237107276917
0.0025749206543
0.00263905525208
0.00234413146973
0.00260901451111
0.00257992744446
0.00294995307922
0.00256609916687
0.00261306762695
0.00244522094727
0.00246405601501
0.00366997718811
0.00251388549805
0.00260496139526
0.00265884399414
0.00239491462708
0.00253796577454
0.00271916389465
0.0023181438446
0.00251793861389
0.00265192985535
0.00235199928284
0.00283098220825
0.00266790390015
0.00235891342163
0.00246000289917
0.00275206565857
0.00238180160522
0.00244402885437
0.00273299217224
0.0022509098053
0.00235486030579
0.00271201133728
0.00226402282715
0.00238084793091
0.00268197059631
0.00223016738892
0.00280809402466
0.0028829574585
0.00212597846985
0.00233006477356
0.00298810005188
0.00215697288513
0.00233483314514
0.00287890434265
0.00217986106873
0.00279903411865
0.00292301177979
0.00215482711792
0.00234198570251
0.00286293029785
0.00204801559448
0.00224900245667
0.00333118438721
0.00205397605896
0.00218200683594
0.00283694267273
0.00209593772888
0.00224900245667
0.00278615951538
0.00205707550049
0.0022611618042
0.00281190872192
0.0020740032196
0.00226879119873
0.00290012359619
0.00199913978577
0.00227308273315
0.00283908843994
0.00250101089478
0.00222492218018
0.00295209884644
0.00208401679993
0.00211000442505
0.00289988517761
0.00190687179565
0.00206708908081
0.00287294387817
0.00203704833984
0.00220012664795
0.00275993347168
0.00200486183167
0.00204205513
0.00270199775696
0.00231695175171
0.00215291976929
0.00272703170776
0.00206589698792
0.0020740032196
0.00276398658752
0.00197911262512
0.0021698474884
0.00279688835144
0.0019428730011
0.00215196609497
0.00285887718201
0.00188183784485
0.00178790092468
0.00294303894043
0.00185489654541
0.00433492660522
0.00279498100281
0.00190496444702
0.00215983390808
0.0028510093689
0.00180006027222
0.00219416618347
0.00287795066833
0.00237798690796
0.00253415107727
0.0029079914093
0.00237393379211
0.00265002250671
0.00286722183228
0.00228214263916
0.00244688987732
0.00327491760254
0.00245499610901
0.00255608558655
0.00276589393616
0.00231099128723
0.00214195251465
0.00273299217224
0.00229215621948
0.00200295448303
0.00286197662354
0.00221800804138
0.00251197814941
0.00287890434265
0.00218391418457
0.00236678123474
0.00337696075439
0.00223398208618
0.00251913070679
0.00279808044434
0.00224304199219
0.00261187553406
0.00281691551208
0.00242400169373
0.0025200843811
0.00272607803345
0.00243306159973
0.00223302841187
0.00271606445312
0.00223994255066
0.00254702568054
0.00384593009949
0.00235509872437
0.00246381759644
0.00265884399414
0.00235390663147
0.0025360584259
0.00277805328369
0.0022280216217
0.00239992141724
0.00269317626953
0.00224900245667
0.00237798690796
0.00280499458313
0.00244283676147
0.0026159286499
0.00285410881042
0.00231313705444
0.0029981136322
0.00294995307922
0.0024619102478
0.00252604484558
0.00299382209778
0.00232696533203
0.00250792503357
0.00301599502563
0.00227808952332
0.00240206718445
0.0029718875885
0.00234603881836
0.00269603729248
0.00313901901245
0.00232911109924
0.0028600692749
0.00296592712402
0.00229120254517
0.00237488746643
0.00281596183777
0.00220084190369
0.00192403793335
0.00285315513611
0.00215697288513
0.00240397453308
0.00295400619507
0.00211310386658
0.00231003761292
0.00310683250427
0.00210499763489
0.00191116333008
0.00341105461121
0.00214409828186
0.00222516059875
0.00294518470764
0.00221514701843
0.00185894966125
0.0028510093689
0.00208806991577
0.00226998329163
0.0029239654541
0.00215911865234
0.00219702720642
0.00287103652954
0.00205302238464
0.00223112106323
0.00283813476562
0.0026490688324
0.00291109085083
0.00300884246826
0.0021538734436
0.00212502479553
0.00304079055786
0.00207996368408
0.00219392776489
0.0028669834137
0.00207686424255
0.00218987464905
0.00284385681152
0.00197005271912
0.00212502479553
0.00281190872192
0.00238800048828
0.0022189617157
0.00272393226624
0.00200200080872
0.00212001800537
0.00293207168579
0.00202918052673
0.0020580291748
0.00273680686951
0.00193405151367
0.00205302238464
0.00266194343567
0.00192189216614
0.0020580291748
0.00269198417664
0.00193619728088
0.00233292579651
0.00275087356567
0.0018298625946
0.00202584266663
0.00270295143127
0.00186705589294
0.00199580192566
0.00266599655151
0.00188803672791
0.00156712532043
0.00272297859192
0.00184988975525
0.00199198722839
0.00263404846191
0.00182199478149
0.00191402435303
0.00318002700806
0.00190401077271
0.00202488899231
0.0026159286499
0.0018048286438
0.00199794769287
0.00258803367615
0.00176596641541
0.00198197364807
0.00257301330566
0.00182414054871
0.00198197364807
0.00270104408264
0.00182390213013
0.00203895568848
0.00319695472717
0.00178599357605
0.00196194648743
0.00266909599304
0.00173807144165
0.0019268989563
0.00271797180176
0.00186705589294
0.00206208229065
0.00288796424866
0.0017728805542
0.00195002555847
0.00277614593506
0.00179505348206
0.00192499160767
0.00275993347168
0.00211215019226
0.00189018249512
0.00281596183777
0.00199413299561
0.0021858215332
0.00307416915894
0.00186204910278
0.00211095809937
0.00296902656555
0.00186610221863
0.00231099128723
0.00281882286072
0.00196313858032
0.00206804275513
0.00289702415466
0.00195598602295
0.00261902809143
0.00280714035034
0.00197601318359
0.00219202041626
0.00280785560608
0.0018470287323
0.00192403793335
0.00289392471313
0.00189518928528
0.00196814537048
0.00284695625305
0.00182700157166
0.00194120407104
0.00285291671753
0.00175189971924
0.00196099281311
0.00958395004272
0.00179290771484
0.00189995765686
0.00283408164978
0.00180101394653
0.00196194648743
0.00272297859192
0.00179290771484
0.00191688537598
0.00281691551208
0.00175309181213
0.00194191932678
0.00277709960938
0.00180196762085
0.00273394584656
0.00276184082031
0.00220489501953
0.00194096565247
0.00259900093079
0.00200986862183
0.00194597244263
0.0026957988739
0.00175309181213
0.00185108184814
0.002681016922
0.00173687934875
0.00187206268311
0.00277900695801
0.00182008743286
0.00199413299561
0.00268816947937
0.00230312347412
0.00190615653992
0.00267815589905
0.00177693367004
0.00157499313354
0.00274586677551
0.0017569065094
0.0019109249115
0.00261306762695
0.00176882743835
0.00187397003174
0.00252389907837
0.00169801712036
0.00186514854431
0.00251698493958
0.00204014778137
0.00183701515198
0.00253796577454
0.00236010551453
0.00257015228271
0.00253701210022
0.0023341178894
0.00242781639099
0.00263404846191
0.0022599697113
0.00250291824341
0.0026478767395
0.00267100334167
0.00251793861389
0.0029821395874
0.00246620178223
0.00294613838196
0.00289511680603
0.00244903564453
0.00240921974182
0.00278091430664
0.0023238658905
0.00223994255066
0.00282716751099
0.0024299621582
0.00252389907837
0.00268483161926
0.00241303443909
0.0025041103363
0.00282692909241
0.00229501724243
0.00241184234619
0.00333380699158
0.00230407714844
0.00246000289917
0.00275897979736
0.00219702720642
0.00243306159973
0.00289797782898
0.00228905677795
0.00243592262268
0.00275897979736
0.00224208831787
0.00236797332764
0.00267910957336
0.00221109390259
0.00219702720642
0.00316190719604
0.00214409828186
0.00232791900635
0.00279402732849
0.00223994255066
0.00242280960083
0.00292897224426
0.00236701965332
0.00253987312317
0.00287985801697
0.00232481956482
0.00260090827942
0.00295400619507
0.00229692459106
0.00257086753845
0.00313496589661
0.00295400619507
0.0024311542511
0.00291419029236
0.00218105316162
0.00234508514404
0.00291895866394
0.00217914581299
0.00233507156372
0.00288391113281
0.00218296051025
0.00224208831787
0.00289916992188
0.00210499763489
0.00220704078674
0.00289607048035
0.00210213661194
0.00281405448914
0.00282001495361
0.00211596488953
0.00224900245667
0.00288891792297
0.00204586982727
0.00227999687195
0.00279498100281
0.00226092338562
0.0025360584259
0.00266909599304
0.0022759437561
0.00239586830139
0.00270390510559
0.0022509098053
0.00292611122131
0.00258207321167
0.00231003761292
0.00245785713196
0.00267100334167
0.00232195854187
0.00213813781738
0.00293707847595
0.00227499008179
0.00258612632751
0.00291895866394
0.00231099128723
0.00248003005981
0.0028989315033
0.00253891944885
0.00250887870789
0.00325608253479
0.00223398208618
0.00223994255066
0.00277900695801
0.0023729801178
0.00270795822144
0.00278496742249
0.00224995613098
0.00228190422058
0.00297212600708
0.00224304199219
0.00246906280518
0.00290703773499
0.00228214263916
0.00243496894836
0.00283789634705
0.0029399394989
0.00260305404663
0.00280404090881
0.00224494934082
0.00263810157776
0.0028440952301
0.00230312347412
0.00219202041626
0.00283622741699
0.00219893455505
0.00231504440308
0.00294899940491
0.00220799446106
0.00242590904236
0.00283288955688
0.00266194343567
0.00244116783142
0.00298500061035
0.00225305557251
0.00244879722595
0.00291895866394
0.00218892097473
0.00239491462708
0.00283718109131
0.00220012664795
0.00244808197021
0.00308299064636
0.00252079963684
0.00274991989136
0.00277400016785
0.00361585617065
0.00257086753845
0.00275993347168
0.00233292579651
0.00248718261719
0.00268197059631
0.00232696533203
0.00248503684998
0.00265097618103
0.00234699249268
0.00259900093079
0.00262904167175
0.00235986709595
0.00253987312317
0.00258588790894
0.00225186347961
0.00254082679749
0.00321197509766
0.00228500366211
0.00245594978333
0.00262212753296
0.00231409072876
0.00205492973328
0.00252604484558
0.0022931098938
0.00237107276917
0.00278401374817
0.00230884552002
0.00241494178772
0.0028657913208
0.00230097770691
0.00253891944885
0.00333714485168
0.00231099128723
0.00253796577454
0.00263094902039
0.00239706039429
0.00250601768494
0.0026969909668
0.00231504440308
0.00252985954285
0.00262188911438
0.0022988319397
0.00240087509155
0.00270104408264
0.00229001045227
0.00248289108276
0.00270199775696
0.00272011756897
0.00235605239868
0.00270891189575
0.00231289863586
0.00263381004333
0.00276398658752
0.00235486030579
0.0025589466095
0.002690076828
0.00225400924683
0.00241184234619
0.00267004966736
0.0023341178894
0.00243306159973
0.0025360584259
0.00218081474304
0.00291991233826
0.00259304046631
0.00221014022827
0.00242710113525
0.00250101089478
0.00217700004578
0.00243401527405
0.00258779525757
0.0021710395813
0.0023980140686
0.00255417823792
0.00211000442505
0.00228500366211
0.00251507759094
0.00215816497803
0.00311398506165
0.00252103805542
0.00244903564453
0.00260400772095
0.00243306159973
0.00235605239868
0.0025429725647
0.00246810913086
0.00226306915283
0.00248003005981
0.00256896018982
0.0022029876709
0.00238919258118
0.00276494026184
0.00222086906433
0.00206899642944
0.0031750202179
0.00230884552002
0.00244188308716
0.00287103652954
0.00309705734253
0.00249791145325
0.00285482406616
0.00236487388611
0.00265789031982
0.00280094146729
0.00234293937683
0.00258612632751
0.0027060508728
0.0023889541626
0.00216913223267
0.00281310081482
0.00293779373169
0.00258088111877
0.00274205207825
0.00246119499207
0.00256109237671
0.00289011001587
0.00232982635498
0.00257682800293
0.00295209884644
0.0022599697113
0.00261902809143
0.00285506248474
0.0022029876709
0.00233197212219
0.0028018951416
0.0026650428772
0.00234889984131
0.00284790992737
0.00223183631897
0.00230407714844
0.00268292427063
0.00211691856384
0.00240015983582
0.00280117988586
0.00213694572449
0.00237488746643
0.00270581245422
0.00214099884033
0.00210309028625
0.00263214111328
0.00201892852783
0.00272107124329
0.00280594825745
0.00207495689392
0.00227689743042
0.00271511077881
0.00200819969177
0.00228500366211
0.00279903411865
0.0019690990448
0.0022439956665
0.0026319026947
0.00217080116272
0.0022919178009
0.00268793106079
0.00199317932129
0.00220608711243
0.00317215919495
0.00205612182617
0.00224113464355
0.00275802612305
0.00195980072021
0.0022280216217
0.00275611877441
0.00207614898682
0.00220704078674
0.0028338432312
0.00193691253662
0.00215983390808
0.00276303291321
0.00199794769287
0.00213503837585
0.00329399108887
0.00201106071472
0.00215792655945
0.00285601615906
0.00192213058472
0.00209307670593
0.00268316268921
0.00195097923279
0.00217700004578
0.00265097618103
0.00192093849182
0.00279784202576
0.0025999546051
0.00194215774536
0.00200986862183
0.00371289253235
0.00186395645142
0.00202417373657
0.00257205963135
0.0018630027771
0.00196886062622
0.00253796577454
0.00184988975525
0.0019211769104
0.00258994102478
0.00183892250061
0.00197315216064
0.00262594223022
0.00174403190613
0.00192904472351
0.00328898429871
0.001797914505
0.00247383117676
0.00576996803284
0.00173401832581
0.00186586380005
0.00247001647949
0.00172710418701
0.00201392173767
0.00242900848389
0.00169610977173
0.00188708305359
0.00256204605103
0.001797914505
0.00246405601501
0.00254917144775
0.00240707397461
0.0030620098114
0.00252294540405
0.00234198570251
0.00251603126526
0.00261402130127
0.00229692459106
0.00247001647949
0.00237488746643
0.00224995613098
0.00255608558655
0.00237393379211
0.00229382514954
0.00259399414062
0.00250291824341
0.00232601165771
0.00212097167969
0.00298190116882
0.00224709510803
0.00204992294312
0.00268507003784
0.0379409790039
0.0027379989624
0.0029981136322
0.00241708755493
0.00259685516357
0.00304484367371
0.00240612030029
0.00258708000183
0.00274085998535
0.00245189666748
0.00263690948486
0.0025908946991
0.00292801856995
0.00314497947693
0.00267100334167
0.00239205360413
0.00265192985535
0.00255799293518
0.00234007835388
0.00258302688599
0.00252389907837
0.00242400169373
0.00258207321167
0.00256395339966
0.00231599807739
0.00266098976135
0.00252294540405
0.00298500061035
0.00280499458313
0.00251579284668
0.00228905677795
0.00247597694397
0.00242900848389
0.00225901603699
0.00256204605103
0.00249004364014
0.00228500366211
0.00248193740845
0.00268793106079
0.00226879119873
0.00247502326965
0.00278306007385
0.00223994255066
0.00299620628357
0.00280809402466
0.00235795974731
0.00245690345764
0.00260496139526
0.00320601463318
0.0025110244751
0.00279402732849
0.00228190422058
0.00256490707397
0.00265622138977
0.0023889541626
0.00253796577454
0.00262808799744
0.00236415863037
0.00253701210022
0.00313878059387
0.00244212150574
0.00245714187622
0.00266003608704
0.00229692459106
0.00241899490356
0.00261402130127
0.00232100486755
0.00240302085876
0.00263595581055
0.00229907035828
0.0023889541626
0.00265908241272
0.00232195854187
0.00240302085876
0.00323796272278
0.0022931098938
0.00244498252869
0.0027859210968
0.00230312347412
0.0023181438446
0.00291919708252
0.00242209434509
0.00218605995178
0.00266122817993
0.00241494178772
0.00229501724243
0.00269508361816
0.00241208076477
0.00271582603455
0.00274085998535
0.00275897979736
0.00247001647949
0.0026330947876
0.00230312347412
0.0024631023407
0.00266003608704
0.00226712226868
0.00230407714844
0.00254702568054
0.00230693817139
0.00205016136169
0.0026741027832
0.00208806991577
0.00235486030579
0.00273585319519
0.002112865448
0.00289082527161
0.00276589393616
0.00222086906433
0.00234699249268
0.00259590148926
0.00207304954529
0.00186800956726
0.00262784957886
0.00207996368408
0.00219511985779
0.00261902809143
0.00208711624146
0.0022280216217
0.00263404846191
0.0020580291748
0.00262904167175
0.00258207321167
0.00207996368408
0.00176882743835
0.00251603126526
0.00201916694641
0.00213599205017
0.0024778842926
0.00192594528198
0.00213813781738
0.00250506401062
0.00204586982727
0.00197792053223
0.00253796577454
0.00195908546448
0.00300407409668
0.00242805480957
0.00194692611694
0.00177502632141
0.00247406959534
0.00194215774536
0.00200891494751
0.00249695777893
0.00193810462952
0.00205016136169
0.00236105918884
0.0019371509552
0.00201296806335
0.00237202644348
0.00185799598694
0.00197315216064
0.00238513946533
0.00247406959534
0.00205707550049
0.00258207321167
0.00189399719238
0.00196003913879
0.00246715545654
0.00185489654541
0.00188994407654
0.00249195098877
0.00189113616943
0.00197720527649
0.00262904167175
0.00185084342957
0.00195503234863
0.00241589546204
0.00226807594299
0.00196504592896
0.0028440952301
0.00243806838989
0.00214314460754
0.0027379989624
0.0023398399353
0.00234603881836
0.00277805328369
0.00226497650146
0.00231599807739
0.00277590751648
0.00219106674194
0.00236010551453
0.00272297859192
0.00221395492554
0.00279593467712
0.00281190872192
0.00223588943481
0.00231194496155
0.00280499458313
0.00231409072876
0.00231194496155
0.00278997421265
0.00221300125122
0.00236392021179
0.00276398658752
0.00215005874634
0.0022509098053
0.0027859210968
0.00209403038025
0.00222492218018
0.00331211090088
0.00206899642944
0.00232696533203
0.00283694267273
0.00206685066223
0.00223207473755
0.00278806686401
0.00228786468506
0.00254893302917
0.00263500213623
0.00224184989929
0.00232601165771
0.002681016922
0.00224804878235
0.00235104560852
0.003093957901
0.00217795372009
0.00245094299316
0.00268507003784
0.00215291976929
0.00254607200623
0.00265693664551
0.00225281715393
0.00250506401062
0.00267505645752
0.00230598449707
0.00245881080627
0.00253891944885
0.00223398208618
0.00240206718445
0.00265002250671
0.00270986557007
0.00242400169373
0.00257802009583
0.00227522850037
0.00245213508606
0.00258994102478
0.0022919178009
0.00230884552002
0.00274085998535
0.00219106674194
0.00225901603699
0.002769947052
0.00232696533203
0.00248503684998
0.00276112556458
0.00222706794739
0.00284910202026
0.00267291069031
0.00234913825989
0.00239396095276
0.00257396697998
0.0022509098053
0.00247097015381
0.00262308120728
0.0022509098053
0.00281095504761
0.00284790992737
0.00263094902039
0.0028030872345
0.00286388397217
0.00238180160522
0.00311899185181
0.00284886360168
0.00231194496155
0.0025110244751
0.00279402732849
0.00244283676147
0.0023980140686
0.00275206565857
0.00236415863037
0.00246095657349
0.00279498100281
0.00236392021179
0.00231099128723
0.00284600257874
0.00229501724243
0.00244903564453
0.00328421592712
0.00229787826538
0.0023980140686
0.0027859210968
0.0023410320282
0.00250697135925
0.00277304649353
0.00234413146973
0.0025041103363
0.00275993347168
0.00235486030579
0.0020968914032
0.00279784202576
0.00225400924683
0.00256109237671
0.00261211395264
0.00289106369019
0.00265789031982
0.00264382362366
0.0022280216217
0.00229001045227
0.00264406204224
0.00229811668396
0.00237584114075
0.00251793861389
0.00216007232666
0.00245308876038
0.0024790763855
0.00217986106873
0.00233483314514
0.00240993499756
0.00265598297119
0.00203704833984
0.00231909751892
0.00206112861633
0.00222396850586
0.00231695175171
0.00202608108521
0.00226807594299
0.00240421295166
0.00217294692993
0.00261187553406
0.00243401527405
0.00245690345764
0.00256395339966
0.00252985954285
0.00353097915649
0.00251507759094
0.00247406959534
0.00226306915283
0.00251221656799
0.00258898735046
0.00221300125122
0.00228905677795
0.00267481803894
0.00222992897034
0.00244092941284
0.0027859210968
0.00219082832336
0.00235986709595
0.00294899940491
0.00299310684204
0.00235819816589
0.003338098526
0.0021960735321
0.00228786468506
0.00284695625305
0.00209498405457
0.00231099128723
0.00262093544006
0.00217485427856
0.00231695175171
0.00268006324768
0.00216484069824
0.00227284431458
0.00271582603455
0.00217890739441
0.0022349357605
0.00387215614319
0.00215697288513
0.00218605995178
0.00266408920288
0.00212216377258
0.00212001800537
0.00553321838379
0.00199389457703
0.00211405754089
0.00269603729248
0.00205397605896
0.00212502479553
0.00290107727051
0.00204706192017
0.00203418731689
0.00278091430664
0.00234985351562
0.00171399116516
0.00283908843994
0.00201106071472
0.00213217735291
0.00274705886841
0.00204610824585
0.00234484672546
0.00277590751648
0.0019748210907
0.00206899642944
0.00254797935486
0.00196099281311
0.0021550655365
0.00266909599304
0.00200605392456
0.00327301025391
0.00284314155579
0.00247812271118
0.00260710716248
0.00266718864441
0.00233507156372
0.00255799293518
0.00269198417664
0.00227618217468
0.00245904922485
0.00271320343018
0.00217700004578
0.00226712226868
0.00267505645752
0.00214600563049
0.00290894508362
0.00278306007385
0.0021071434021
0.0024209022522
0.00302791595459
0.00251698493958
0.00238704681396
0.00278091430664
0.0021288394928
0.00237393379211
0.00283098220825
0.00212597846985
0.00226712226868
0.00277400016785
0.00219202041626
0.0022349357605
0.00348281860352
0.00202989578247
0.00224685668945
0.00275993347168
0.00199294090271
0.00223708152771
0.00269818305969
0.00206518173218
0.00227403640747
0.00277209281921
0.00194478034973
0.0022029876709
0.00280094146729
0.00204110145569
0.0021550655365
0.00284600257874
0.0025360584259
0.00219583511353
0.0028920173645
0.00201416015625
0.00213408470154
0.00278902053833
0.00198888778687
0.0021538734436
0.002681016922
0.00194406509399
0.00206303596497
0.00275015830994
0.00191211700439
0.00200796127319
0.00274801254272
0.00229597091675
0.00211596488953
0.00267505645752
0.00194120407104
0.00213599205017
0.00270414352417
0.00189208984375
0.00208306312561
0.00279211997986
0.00271201133728
0.00261187553406
0.0028829574585
0.00237393379211
0.00252389907837
0.00284385681152
0.00239586830139
0.00297999382019
0.00284504890442
0.00234198570251
0.00253105163574
0.00276494026184
0.00233101844788
0.0025269985199
0.00275111198425
0.00234413146973
0.00248193740845
0.00265693664551
0.00235605239868
0.00258898735046
0.00266098976135
0.00233006477356
0.0025839805603
0.00324892997742
0.00243186950684
0.00212597846985
0.00268292427063
0.00232005119324
0.00238704681396
0.00267100334167
0.00230693817139
0.00237607955933
0.00267601013184
0.00226712226868
0.00253820419312
0.00280594825745
0.00231504440308
0.00251793861389
0.00341391563416
0.00228595733643
0.00247597694397
0.00277209281921
0.0022120475769
0.00252890586853
0.00264596939087
0.00232410430908
0.00255393981934
0.00269889831543
0.00236988067627
0.0027289390564
0.00263905525208
0.00237894058228
0.00262713432312
0.00384616851807
0.00226998329163
0.00252890586853
0.00276517868042
0.00237202644348
0.00250601768494
0.00275993347168
0.00225806236267
0.00250387191772
0.00280213356018
0.00226497650146
0.00220704078674
0.00267601013184
0.00219392776489
0.00208497047424
0.00267696380615
0.00227999687195
0.00299096107483
0.00273990631104
0.00220108032227
0.00238108634949
0.00266814231873
0.00222110748291
0.00234293937683
0.00275897979736
0.00223398208618
0.00248098373413
0.002769947052
0.00237512588501
0.00265693664551
0.00270390510559
0.00236678123474
0.00308203697205
0.00273609161377
0.00224304199219
0.00249791145325
0.00268197059631
0.00229096412659
0.00233101844788
0.00272798538208
0.0021641254425
0.00235795974731
0.00279998779297
0.00225806236267
0.00241088867188
0.00277304649353
0.00224494934082
0.00195407867432
0.00341010093689
0.00231409072876
0.0494740009308
0.00281810760498
0.00250101089478
0.00267100334167
0.00294995307922
0.00232410430908
0.00266098976135
0.00280404090881
0.00219821929932
0.00260496139526
0.00288701057434
0.00229406356812
0.0024938583374
0.00279188156128
0.0027289390564
0.00231003761292
0.00295901298523
0.00220990180969
0.00258588790894
0.00296807289124
0.00219392776489
0.00252294540405
0.0028932094574
0.00217604637146
0.00238585472107
0.00281000137329
0.00213503837585
0.00243282318115
0.00276803970337
0.00277996063232
0.00270795822144
0.00294589996338
0.00226783752441
0.00253486633301
0.0027289390564
0.00231122970581
0.00243401527405
0.00265407562256
0.0022919178009
0.00251507759094
0.0026969909668
0.00218605995178
0.00249481201172
0.00265502929688
0.00223612785339
0.00262308120728
0.00271415710449
0.00215697288513
0.00212407112122
0.00261616706848
0.00215101242065
0.00206899642944
0.00277090072632
0.00209712982178
0.00231695175171
0.00249791145325
0.0020580291748
0.00227689743042
0.00253987312317
0.00213503837585
0.00210309028625
0.00303316116333
0.00204515457153
0.00223994255066
0.00247192382812
0.00191688537598
0.00196886062622
0.00230884552002
0.00196981430054
0.00211882591248
0.0024049282074
0.00193095207214
0.00179886817932
0.00223588943481
0.00193190574646
0.00203585624695
0.00265502929688
0.00191211700439
0.00202107429504
0.0032479763031
0.00239396095276
0.00255393981934
0.0026969909668
0.00234484672546
0.00265693664551
0.00263810157776
0.00244402885437
0.00252795219421
0.00260496139526
0.00232195854187
0.00247502326965
0.00271201133728
0.00267195701599
0.0023820400238
0.00263285636902
0.00231385231018
0.00240802764893
0.00270295143127
0.00221681594849
0.00227904319763
0.00260519981384
0.00207304954529
0.00221395492554
0.00265312194824
0.00211596488953
0.00230503082275
0.00260615348816
0.00212693214417
0.00278210639954
0.00262403488159
0.00208282470703
0.00214600563049
0.00276803970337
0.00207686424255
0.00496792793274
0.0025999546051
0.0020170211792
0.00220799446106
0.0025851726532
0.00203490257263
0.00212597846985
0.00279712677002
0.00187110900879
0.0026741027832
0.00276017189026
0.00197792053223
0.00217008590698
0.00257611274719
0.00185012817383
0.00213098526001
0.00271797180176
0.00185990333557
0.00213694572449
0.0025200843811
0.0018630027771
0.00208902359009
0.00262308120728
0.00189518928528
0.00290513038635
0.00259709358215
0.00185894966125
0.00196313858032
0.00263214111328
0.00184798240662
0.00193285942078
0.00243401527405
0.00185298919678
0.0020170211792
0.00260210037231
0.00187706947327
0.00200700759888
0.00251507759094
0.00180697441101
0.00195693969727
0.00250506401062
0.00272488594055
0.00246715545654
0.00256609916687
0.00232195854187
0.00261306762695
0.00251388549805
0.00237894058228
0.00262999534607
0.00247597694397
0.00233221054077
0.00254392623901
0.00237989425659
0.00242614746094
0.0024790763855
0.0024209022522
0.00282382965088
0.00258493423462
0.00235986709595
0.00232887268066
0.00259304046631
0.00235486030579
0.00223398208618
0.00240087509155
0.00236201286316
0.00244402885437
0.00253891944885
0.00249791145325
0.00226187705994
0.0023992061615
0.00279092788696
0.0022280216217
0.00288796424866
0.00276684761047
0.00223088264465
0.00243902206421
0.00899910926819
0.00226712226868
0.00248694419861
0.00245690345764
0.00237679481506
0.00261211395264
0.00262093544006
0.00237202644348
0.00256609916687
0.00247812271118
0.00230503082275
0.00257182121277
0.00302791595459
0.00239992141724
0.00261998176575
0.00236296653748
0.00243806838989
0.00252199172974
0.00238800048828
0.00231599807739
0.00258612632751
0.00224304199219
0.00235295295715
0.00249290466309
0.00248885154724
0.00225901603699
0.00256299972534
0.00296401977539
0.00226593017578
0.00248193740845
0.00257515907288
0.00223708152771
0.00243711471558
0.00267505645752
0.00226616859436
0.00255513191223
0.00257587432861
0.00213289260864
0.00206089019775
0.00255799293518
0.00213003158569
0.00244402885437
0.00270700454712
0.00295996665955
0.00236582756042
0.00249695777893
0.00207090377808
0.00234794616699
0.00257706642151
0.00204086303711
0.00244212150574
0.00266098976135
0.00205397605896
0.00204682350159
0.00262594223022
0.00214505195618
0.00222086906433
0.00256490707397
0.00221395492554
0.00300097465515
0.0025269985199
0.00210380554199
0.00229787826538
0.00253510475159
0.00209903717041
0.0023341178894
0.00258111953735
0.00209498405457
0.0022668838501
0.00255298614502
0.00201296806335
0.00250005722046
0.00252914428711
0.00199198722839
0.0026547908783
0.00262093544006
0.00205278396606
0.00208592414856
0.0026319026947
0.0019679069519
0.00209498405457
0.00261116027832
0.00191402435303
0.00224614143372
0.00260710716248
0.00193405151367
0.00223112106323
0.00243997573853
0.00195503234863
0.00208902359009
0.0029079914093
0.00198101997375
0.00182509422302
0.00249981880188
0.00192189216614
0.00328207015991
0.00274205207825
0.00230407714844
0.00248503684998
0.00262808799744
0.00202703475952
0.00237321853638
0.00265908241272
0.00201201438904
0.00196409225464
0.00260281562805
0.00265002250671
0.00237679481506
0.00263094902039
0.00208401679993
0.00225687026978
0.00249004364014
0.00206708908081
0.00239205360413
0.00246000289917
0.0019838809967
0.00221586227417
0.00245785713196
0.00202703475952
0.00237512588501
0.0025999546051
0.00244498252869
0.00223016738892
0.00241899490356
0.00200700759888
0.00222897529602
0.00237393379211
0.00205898284912
0.0022439956665
0.00244498252869
0.00236010551453
0.00255084037781
0.00241494178772
0.00239014625549
0.0025360584259
0.00244688987732
0.00331687927246
0.00248694419861
0.00231409072876
0.00224900245667
0.00245809555054
0.0022931098938
0.00218796730042
0.00233697891235
0.0023341178894
0.00215911865234
0.00229215621948
0.00230407714844
0.00212907791138
0.00231599807739
0.00223779678345
0.00207591056824
0.00229811668396
0.00291085243225
0.00215291976929
0.00234603881836
0.00234413146973
0.0020968914032
0.00225687026978
0.00227808952332
0.00215196609497
0.0022509098053
0.00228810310364
0.00206995010376
0.00223898887634
0.00224685668945
0.00211095809937
0.00222897529602
0.00282287597656
0.00215792655945
0.00224494934082
0.0025680065155
0.00197696685791
0.00217819213867
0.00259494781494
0.00206089019775
0.00215101242065
0.00250005722046
0.0020489692688
0.00214815139771
0.00249409675598
0.00197100639343
0.00215697288513
0.00248908996582
0.00246000289917
0.00213193893433
0.00246500968933
0.00201296806335
0.00205111503601
0.00245499610901
0.00199484825134
0.00208902359009
0.00249886512756
0.00202298164368
0.00215578079224
0.00248789787292
0.00198888778687
0.00180792808533
0.0024790763855
0.00197386741638
0.00235199928284
0.00248408317566
0.00199699401855
0.00214695930481
0.00248384475708
0.00191211700439
0.00199913978577
0.00246596336365
0.00191593170166
0.00226998329163
0.0024950504303
0.00187587738037
0.0022828578949
0.00242280960083
0.00205397605896
0.00236296653748
0.00243806838989
0.00196218490601
0.00201511383057
0.00227808952332
0.00188899040222
0.00195598602295
0.00235605239868
0.00186014175415
0.00193309783936
0.00226998329163
0.00182318687439
0.00169491767883
0.00231194496155
0.00190901756287
0.00231003761292
0.00287914276123
0.00202202796936
0.00243186950684
0.00234603881836
0.00233292579651
0.00248599052429
0.00260376930237
0.00236797332764
0.0024561882019
0.00271010398865
0.00232791900635
0.00251793861389
0.00256085395813
0.00238990783691
0.00240802764893
0.00257802009583
0.00286602973938
0.0025680065155
0.00272798538208
0.00233197212219
0.00255298614502
0.00249099731445
0.00221610069275
0.00237798690796
0.00255107879639
0.00221705436707
0.00239205360413
0.00243902206421
0.00222301483154
0.00232315063477
0.0024778842926
0.00252890586853
0.00240302085876
0.00231409072876
0.00214195251465
0.00217604637146
0.00233101844788
0.00210309028625
0.00222897529602
0.00235605239868
0.00207996368408
0.00224900245667
0.0023090839386
0.00219798088074
0.00222277641296
0.00241589546204
0.00220799446106
0.0025200843811
0.00233316421509
0.00203609466553
0.00189399719238
0.00228381156921
0.00212097167969
0.00221395492554
0.00224494934082
0.00209784507751
0.00212788581848
0.00224590301514
0.00197100639343
0.00211596488953
0.00219202041626
0.00215697288513
0.00212693214417
0.00277805328369
0.00209593772888
0.00210189819336
0.00219488143921
0.00195503234863
0.00210905075073
0.00216507911682
0.00191307067871
0.00207209587097
0.00210905075073
0.00188899040222
0.00206184387207
0.00203704833984
0.00186896324158
0.0019679069519
0.0024139881134
0.00180602073669
0.0019199848175
0.00379705429077
0.00178909301758
0.00242209434509
0.00257420539856
0.00232100486755
0.00241899490356
0.00232195854187
0.00207996368408
0.00234413146973
0.00235795974731
0.00210499763489
0.00243997573853
0.00333690643311
0.00239896774292
0.00257706642151
0.00231289863586
0.00229287147522
0.00254106521606
0.00248908996582
0.00232601165771
0.00225615501404
0.0023410320282
0.00239896774292
0.00206995010376
0.00241994857788
0.00227880477905
0.00217795372009
0.00251293182373
0.0688519477844
0.00328278541565
0.0030779838562
0.00247287750244
0.00295901298523
0.00230097770691
0.00225710868835
0.00268912315369
0.00222110748291
0.00225901603699
0.00261497497559
0.00222396850586
0.00216794013977
0.00236678123474
0.00226402282715
0.00209808349609
0.00215315818787
0.00209212303162
0.00207710266113
0.00218796730042
0.00222706794739
0.00210499763489
0.0023410320282
0.00257205963135
0.00212407112122
0.00220203399658
0.0021378993988
0.00202107429504
0.00217008590698
0.00206398963928
0.00207591056824
0.00223088264465
0.00204491615295
0.00203895568848
0.00220489501953
0.00210285186768
0.00201082229614
0.00263595581055
0.00217413902283
0.00203418731689
0.00210189819336
0.00272607803345
0.00193810462952
0.00210618972778
0.00257205963135
0.00206208229065
0.00218987464905
0.00251388549805
0.00187683105469
0.00207591056824
0.00242304801941
0.00231003761292
0.0020010471344
0.00303983688354
0.00191402435303
0.00200605392456
0.00245189666748
0.00190401077271
0.00203800201416
0.00249695777893
0.00193786621094
0.00208902359009
0.00239706039429
0.0019998550415
0.00205397605896
0.00796914100647
0.00247597694397
0.00251293182373
0.00263381004333
0.00235795974731
0.00247192382812
0.00267004966736
0.00233101844788
0.00248193740845
0.00266194343567
0.00237393379211
0.002436876297
0.00269198417664
0.00231289863586
0.00239491462708
0.00297379493713
0.00236201286316
0.00242114067078
0.00251412391663
0.00221300125122
0.00240421295166
0.00250601768494
0.00215315818787
0.0023341178894
0.00262403488159
0.00214791297913
0.00206995010376
0.0026581287384
0.00214791297913
0.00236892700195
0.00315117835999
0.00224995613098
0.00231695175171
0.00267791748047
0.00218915939331
0.00233292579651
0.00258302688599
0.0021960735321
0.00234198570251
0.00266695022583
0.00216507911682
0.00226211547852
0.00277304649353
0.00217199325562
0.00265407562256
0.002690076828
0.00209593772888
0.00186109542847
0.00288414955139
0.00268793106079
0.00176286697388
0.00251984596252
0.00266098976135
0.00175809860229
0.00253701210022
0.00246691703796
0.00169014930725
0.00267910957336
0.00257802009583
0.00180697441101
0.00281810760498
0.0024938583374
0.00170397758484
0.00259304046631
0.00250697135925
0.00174403190613
0.00247812271118
0.00247597694397
0.00175404548645
0.00240898132324
0.00250697135925
0.00173211097717
0.00243616104126
0.00277018547058
0.00171804428101
0.00248908996582
0.00244498252869
0.00173282623291
0.00233697891235
0.00252318382263
0.00164103507996
0.00246810913086
0.00256681442261
0.00161099433899
0.00234818458557
0.00240397453308
0.00161600112915
0.00238299369812
0.00273895263672
0.00159907341003
0.00228905677795
0.00235795974731
0.00164103507996
0.00306606292725
0.00290513038635
0.00171899795532
0.00240993499756
0.00246405601501
0.00162792205811
0.00243806838989
0.00242805480957
0.00169801712036
0.00238394737244
0.00350999832153
0.00169515609741
0.00227499008179
0.00234603881836
0.0019371509552
0.00234198570251
0.0025908946991
0.00168991088867
0.00245594978333
0.0024049282074
0.00168395042419
0.00236296653748
0.00226497650146
0.00165486335754
0.00219106674194
0.00233697891235
0.00195717811584
0.00237393379211
0.00237488746643
0.00168800354004
0.00228595733643
0.00233817100525
0.00161695480347
0.0023078918457
0.00228190422058
0.00158977508545
0.00228595733643
0.0022668838501
0.00156903266907
0.00226092338562
0.00285601615906
0.00159597396851
0.00266695022583
0.0022828578949
0.0016770362854
0.00232291221619
0.00239706039429
0.00161600112915
0.00223898887634
0.00229787826538
0.00169706344604
0.00216388702393
0.00224208831787
0.00155401229858
0.00225710868835
0.00233006477356
0.00208401679993
0.00212407112122
0.00333905220032
0.00214099884033
0.00231695175171
0.00281310081482
0.0021059513092
0.00217986106873
0.00276803970337
0.0020158290863
0.00222897529602
0.00274896621704
0.0020010471344
0.00215101242065
0.00274109840393
0.00206303596497
0.0024778842926
0.00320386886597
0.00191187858582
0.00266194343567
0.00262379646301
0.00193905830383
0.00259399414062
0.00261783599854
0.00188112258911
0.00285601615906
0.00258302688599
0.00192213058472
0.00261092185974
0.00264286994934
0.00182700157166
0.00257015228271
0.00254487991333
0.00228309631348
0.00258898735046
0.00303196907043
0.00176811218262
0.00252890586853
0.00257611274719
0.00179195404053
0.00242900848389
0.00250601768494
0.00171995162964
0.00239086151123
0.00248003005981
0.00173807144165
0.0023250579834
0.00244116783142
0.00182008743286
0.00300216674805
0.0024950504303
0.00177693367004
0.00240516662598
0.00248408317566
0.00213098526001
0.00244808197021
0.00279521942139
0.00207209587097
0.00225496292114
0.00282287597656
0.00208306312561
0.00247693061829
0.00266695022583
0.00197100639343
0.00291109085083
0.00266098976135
0.00195598602295
0.0023410320282
0.00267314910889
0.00193095207214
0.00281286239624
0.0027289390564
0.00200700759888
0.00220489501953
0.00268888473511
0.00191593170166
